<?xml version="1.0" ?>
<testsuites disabled="0" errors="0" failures="0" tests="1724" time="1763.8271923065186">
	<testsuite disabled="0" errors="0" failures="0" name="TestHarness" skipped="0" tests="1724" time="1763.8271923065186">
		<testcase name="Control volume, multi-material flow test" time="2.236918" classname="short.3material-oneblobs"/>
		<testcase name="Solvers converged" classname="short.3material-oneblobs">
			<system-out>3material-oneblobs: success.
</system-out>
		</testcase>
		<testcase name="check minimum water volume fraction is 0.0" classname="short.3material-oneblobs">
			<system-out>3material-oneblobs: success.
</system-out>
		</testcase>
		<testcase name="check maximum water volume fraction is 1.0" classname="short.3material-oneblobs">
			<system-out>3material-oneblobs: success.
</system-out>
		</testcase>
		<testcase name="check minimum droplet volume fraction is 0.0" classname="short.3material-oneblobs">
			<system-out>3material-oneblobs: success.
</system-out>
		</testcase>
		<testcase name="check maximum droplet volume fraction is between 0.0 and 1.0" classname="short.3material-oneblobs">
			<system-out>3material-oneblobs: success.
</system-out>
		</testcase>
		<testcase name="check minimum air volume fraction is 0.0" classname="short.3material-oneblobs">
			<system-out>3material-oneblobs: success.
</system-out>
		</testcase>
		<testcase name="check maximum air volume fraction is 1.0" classname="short.3material-oneblobs">
			<system-out>3material-oneblobs: success.
</system-out>
		</testcase>
		<testcase name="check minimum sum volume fraction is 0.0" classname="short.3material-oneblobs">
			<system-out>3material-oneblobs: success.
</system-out>
		</testcase>
		<testcase name="check maximum sum volume fraction is less than 1.1" classname="short.3material-oneblobs">
			<system-out>3material-oneblobs: success.
</system-out>
		</testcase>
		<testcase name="check maximum speed is 1.0" classname="short.3material-oneblobs">
			<system-out>3material-oneblobs: success.
</system-out>
		</testcase>
		<testcase name="check maximum cv cfl" classname="short.3material-oneblobs">
			<system-out>3material-oneblobs: success.
</system-out>
		</testcase>
		<testcase name="check minimum cv cfl" classname="short.3material-oneblobs">
			<system-out>3material-oneblobs: success.
</system-out>
		</testcase>
		<testcase name="Control volume, multi-material surface integral pressure check" time="0.770358" classname="short.mmat-gravity-col-p0p1cv-weak"/>
		<testcase name="check maximum pressure is 10.0" classname="short.mmat-gravity-col-p0p1cv-weak">
			<system-out>mmat-gravity-col-p0p1cv-weak: success.
</system-out>
		</testcase>
		<testcase name="check pressure range is 10.0" classname="short.mmat-gravity-col-p0p1cv-weak">
			<system-out>mmat-gravity-col-p0p1cv-weak: success.
</system-out>
		</testcase>
		<testcase name="check maximum speed is zero" classname="short.mmat-gravity-col-p0p1cv-weak">
			<system-out>mmat-gravity-col-p0p1cv-weak: success.
</system-out>
		</testcase>
		<testcase name="Solvers converged" classname="short.mmat-gravity-col-p0p1cv-weak">
			<system-out>mmat-gravity-col-p0p1cv-weak: success.
</system-out>
		</testcase>
		<testcase name="PrescribedNormalFlow_DG" time="2.145269" classname="short.prescribed_normal_flow_dg"/>
		<testcase name="Solvers converged" classname="short.prescribed_normal_flow_dg">
			<system-out>prescribed_normal_flow_dg: success.
</system-out>
		</testcase>
		<testcase name="VelocityIsCorrect" classname="short.prescribed_normal_flow_dg">
			<system-out>prescribed_normal_flow_dg: success.
</system-out>
		</testcase>
		<testcase name="U1IsCorrect" classname="short.prescribed_normal_flow_dg">
			<system-out>prescribed_normal_flow_dg: success.
</system-out>
		</testcase>
		<testcase name="U2IsCorrect" classname="short.prescribed_normal_flow_dg">
			<system-out>prescribed_normal_flow_dg: success.
</system-out>
		</testcase>
		<testcase name="Control volume, multi-material flow test" time="0.947591" classname="short.explicit-hyperc-tris-p2"/>
		<testcase name="Solvers converged" classname="short.explicit-hyperc-tris-p2">
			<system-out>explicit-hyperc-tris-p2: success.
</system-out>
		</testcase>
		<testcase name="check minimum volume fraction is 0.0" classname="short.explicit-hyperc-tris-p2">
			<system-out>explicit-hyperc-tris-p2: success.
</system-out>
		</testcase>
		<testcase name="check maximum volume fraction is 1.0" classname="short.explicit-hyperc-tris-p2">
			<system-out>explicit-hyperc-tris-p2: success.
</system-out>
		</testcase>
		<testcase name="check volume fraction far in front of front is 0.0" classname="short.explicit-hyperc-tris-p2">
			<system-out>explicit-hyperc-tris-p2: success.
</system-out>
		</testcase>
		<testcase name="check volume fraction far behind front is 1.0" classname="short.explicit-hyperc-tris-p2">
			<system-out>explicit-hyperc-tris-p2: success.
</system-out>
		</testcase>
		<testcase name="check volume fraction in front of front is 0.0 (relaxed for simplex elements)" classname="short.explicit-hyperc-tris-p2">
			<system-out>explicit-hyperc-tris-p2: success.
</system-out>
		</testcase>
		<testcase name="check volume fraction behind front is 1.0 (relaxed for simplex elements)" classname="short.explicit-hyperc-tris-p2">
			<system-out>explicit-hyperc-tris-p2: success.
</system-out>
		</testcase>
		<testcase name="check initial minimum volume fraction is 0.0" classname="short.explicit-hyperc-tris-p2">
			<system-out>explicit-hyperc-tris-p2: success.
</system-out>
		</testcase>
		<testcase name="check initial maximum volume fraction is 1.0" classname="short.explicit-hyperc-tris-p2">
			<system-out>explicit-hyperc-tris-p2: success.
</system-out>
		</testcase>
		<testcase name="check maximum speed is 1.0" classname="short.explicit-hyperc-tris-p2">
			<system-out>explicit-hyperc-tris-p2: success.
</system-out>
		</testcase>
		<testcase name="check maximum cv cfl" classname="short.explicit-hyperc-tris-p2">
			<system-out>explicit-hyperc-tris-p2: success.
</system-out>
		</testcase>
		<testcase name="check minimum cv cfl" classname="short.explicit-hyperc-tris-p2">
			<system-out>explicit-hyperc-tris-p2: success.
</system-out>
		</testcase>
		<testcase name="Testing of dt variable for particle attributes" time="2.132027" classname="short.particle_dt_test"/>
		<testcase name="Maxdterror" classname="short.particle_dt_test">
			<system-out>particle_dt_test: success.
</system-out>
		</testcase>
		<testcase name="Maxdtchangeerror" classname="short.particle_dt_test">
			<system-out>particle_dt_test: success.
</system-out>
		</testcase>
		<testcase name="bed_shear_from_grad_u_DG" time="2.027924" classname="short.bed_shear_from_grad_u_DG"/>
		<testcase name="shear stress is as expected" classname="short.bed_shear_from_grad_u_DG">
			<system-out>bed_shear_from_grad_u_DG: success.
</system-out>
		</testcase>
		<testcase name="integral of velocity divergence = surface integral of n.u" classname="short.bed_shear_from_grad_u_DG">
			<system-out>bed_shear_from_grad_u_DG: success.
</system-out>
		</testcase>
		<testcase name="p2p1_test_cty_cv stokes spatial convergence test" time="41.711790" classname="short.Stokes_mms_cg_p2p1_test_cty_cv"/>
		<testcase name="ab_convergence_vel_x: L2 order &gt; 2.5" classname="short.Stokes_mms_cg_p2p1_test_cty_cv">
			<system-out>Stokes_mms_cg_p2p1_test_cty_cv: success.
</system-out>
		</testcase>
		<testcase name="ab_convergence_vel_y: L2 order &gt; 2.5" classname="short.Stokes_mms_cg_p2p1_test_cty_cv">
			<system-out>Stokes_mms_cg_p2p1_test_cty_cv: success.
</system-out>
		</testcase>
		<testcase name="ab_convergence_p: L2 order &gt; 1.9" classname="short.Stokes_mms_cg_p2p1_test_cty_cv">
			<system-out>Stokes_mms_cg_p2p1_test_cty_cv: success.
</system-out>
		</testcase>
		<testcase name="bc_convergence_vel_x: L2 order &gt; 2.5" classname="short.Stokes_mms_cg_p2p1_test_cty_cv">
			<system-out>Stokes_mms_cg_p2p1_test_cty_cv: success.
</system-out>
		</testcase>
		<testcase name="bc_convergence_vel_y: L2 order &gt; 2.5" classname="short.Stokes_mms_cg_p2p1_test_cty_cv">
			<system-out>Stokes_mms_cg_p2p1_test_cty_cv: success.
</system-out>
		</testcase>
		<testcase name="bc_convergence_p: L2 order &gt; 1.9" classname="short.Stokes_mms_cg_p2p1_test_cty_cv">
			<system-out>Stokes_mms_cg_p2p1_test_cty_cv: success.
</system-out>
		</testcase>
		<testcase name="cd_convergence_vel_x: L2 order &gt; 2.5" classname="short.Stokes_mms_cg_p2p1_test_cty_cv">
			<system-out>Stokes_mms_cg_p2p1_test_cty_cv: success.
</system-out>
		</testcase>
		<testcase name="cd_convergence_vel_y: L2 order &gt; 2.5" classname="short.Stokes_mms_cg_p2p1_test_cty_cv">
			<system-out>Stokes_mms_cg_p2p1_test_cty_cv: success.
</system-out>
		</testcase>
		<testcase name="cd_convergence_p: L2 order &gt; 1.9" classname="short.Stokes_mms_cg_p2p1_test_cty_cv">
			<system-out>Stokes_mms_cg_p2p1_test_cty_cv: success.
</system-out>
		</testcase>
		<testcase name="checking divergence in A vel with tolerance 1.0e-08" classname="short.Stokes_mms_cg_p2p1_test_cty_cv">
			<system-out>Stokes_mms_cg_p2p1_test_cty_cv: success.
</system-out>
		</testcase>
		<testcase name="checking divergence in B vel with tolerance 1.0e-08" classname="short.Stokes_mms_cg_p2p1_test_cty_cv">
			<system-out>Stokes_mms_cg_p2p1_test_cty_cv: success.
</system-out>
		</testcase>
		<testcase name="checking divergence in C vel with tolerance 1.0e-08" classname="short.Stokes_mms_cg_p2p1_test_cty_cv">
			<system-out>Stokes_mms_cg_p2p1_test_cty_cv: success.
</system-out>
		</testcase>
		<testcase name="checking divergence in D vel with tolerance 1.0e-08" classname="short.Stokes_mms_cg_p2p1_test_cty_cv">
			<system-out>Stokes_mms_cg_p2p1_test_cty_cv: success.
</system-out>
		</testcase>
		<testcase name="checking A finished in less than 0.03" classname="short.Stokes_mms_cg_p2p1_test_cty_cv">
			<system-out>Stokes_mms_cg_p2p1_test_cty_cv: success.
</system-out>
		</testcase>
		<testcase name="checking B finished in less than 0.03" classname="short.Stokes_mms_cg_p2p1_test_cty_cv">
			<system-out>Stokes_mms_cg_p2p1_test_cty_cv: success.
</system-out>
		</testcase>
		<testcase name="checking C finished in less than 0.03" classname="short.Stokes_mms_cg_p2p1_test_cty_cv">
			<system-out>Stokes_mms_cg_p2p1_test_cty_cv: success.
</system-out>
		</testcase>
		<testcase name="checking D finished in less than 0.03" classname="short.Stokes_mms_cg_p2p1_test_cty_cv">
			<system-out>Stokes_mms_cg_p2p1_test_cty_cv: success.
</system-out>
		</testcase>
		<testcase name="checking steady state was reached in A vel with tolerance 1.0e-08" classname="short.Stokes_mms_cg_p2p1_test_cty_cv">
			<system-out>Stokes_mms_cg_p2p1_test_cty_cv: success.
</system-out>
		</testcase>
		<testcase name="checking steady state was reached in B vel with tolerance 1.0e-08" classname="short.Stokes_mms_cg_p2p1_test_cty_cv">
			<system-out>Stokes_mms_cg_p2p1_test_cty_cv: success.
</system-out>
		</testcase>
		<testcase name="checking steady state was reached in C vel with tolerance 1.0e-08" classname="short.Stokes_mms_cg_p2p1_test_cty_cv">
			<system-out>Stokes_mms_cg_p2p1_test_cty_cv: success.
</system-out>
		</testcase>
		<testcase name="checking steady state was reached in D vel with tolerance 1.0e-08" classname="short.Stokes_mms_cg_p2p1_test_cty_cv">
			<system-out>Stokes_mms_cg_p2p1_test_cty_cv: success.
</system-out>
		</testcase>
		<testcase name="checking steady state was reached in A p with tolerance 1.0e-08" classname="short.Stokes_mms_cg_p2p1_test_cty_cv">
			<system-out>Stokes_mms_cg_p2p1_test_cty_cv: success.
</system-out>
		</testcase>
		<testcase name="checking steady state was reached in B p with tolerance 1.0e-08" classname="short.Stokes_mms_cg_p2p1_test_cty_cv">
			<system-out>Stokes_mms_cg_p2p1_test_cty_cv: success.
</system-out>
		</testcase>
		<testcase name="checking steady state was reached in C p with tolerance 1.0e-08" classname="short.Stokes_mms_cg_p2p1_test_cty_cv">
			<system-out>Stokes_mms_cg_p2p1_test_cty_cv: success.
</system-out>
		</testcase>
		<testcase name="checking steady state was reached in D p with tolerance 1.0e-08" classname="short.Stokes_mms_cg_p2p1_test_cty_cv">
			<system-out>Stokes_mms_cg_p2p1_test_cty_cv: success.
</system-out>
		</testcase>
		<testcase name="Advected top hat (CG with adaptivity, consistently projected)" time="3.671030" classname="short.top_hat_cg_adapt_consist"/>
		<testcase name="Simulation completed" classname="short.top_hat_cg_adapt_consist">
			<system-out>top_hat_cg_adapt_consist: success.
</system-out>
		</testcase>
		<testcase name="Solvers converged" classname="short.top_hat_cg_adapt_consist">
			<system-out>top_hat_cg_adapt_consist: success.
</system-out>
		</testcase>
		<testcase name="Bounded (15%)" classname="short.top_hat_cg_adapt_consist">
			<system-out>Min T =  -0.13297269705841722
Max T =  1.106557204439431
top_hat_cg_adapt_consist: success.
</system-out>
		</testcase>
		<testcase name="Advected velocity" classname="short.top_hat_cg_adapt_consist">
			<system-out>Initial mean x =  0.12436173921064518
Final mean x =  0.38003374521910144
Mean velocity =  0.003209294902777671
Asserting relative error is smaller than 0.035
relative error: 0.026265863789804042
top_hat_cg_adapt_consist: success.
</system-out>
		</testcase>
		<testcase name="Standard deviation" classname="short.top_hat_cg_adapt_consist">
			<system-out>Initial mean x =  0.12436173921064518
Final mean x =  0.38003374521910144
Initial standard deviation =  0.08189119823791693
Final standard deviation =  0.08436302902353333
Asserting relative error is smaller than 0.04
relative error: 0.030184327971792973
top_hat_cg_adapt_consist: success.
</system-out>
		</testcase>
		<testcase name="test_vorticity_2d" time="0.728251" classname="short.test_vorticity_2d"/>
		<testcase name="Solvers converged" classname="short.test_vorticity_2d">
			<system-out>test_vorticity_2d: success.
</system-out>
		</testcase>
		<testcase name="Vorticity" classname="short.test_vorticity_2d">
			<system-out>P1 0.9999999999999984 1.0000000000000016
Asserting relative error is smaller than 1e-12
relative error: 1.5543122344752215e-15
Asserting relative error is smaller than 1e-12
relative error: 1.5543122344752168e-15
P1Lumped 0.9999999999999997 1.0000000000000004
Asserting relative error is smaller than 1e-12
relative error: 3.3306690738754706e-16
Asserting relative error is smaller than 1e-12
relative error: 4.440892098500624e-16
P1DG 0.9999999999999991 1.0000000000000009
Asserting relative error is smaller than 1e-12
relative error: 8.88178419700126e-16
Asserting relative error is smaller than 1e-12
relative error: 8.881784197001244e-16
P2 0.9999999999999863 1.0000000000000142
Asserting relative error is smaller than 1e-12
relative error: 1.3655743202889612e-14
Asserting relative error is smaller than 1e-12
relative error: 1.4210854715201802e-14
P2DG 0.9999999999999984 1.0000000000000009
Asserting relative error is smaller than 1e-12
relative error: 1.5543122344752215e-15
Asserting relative error is smaller than 1e-12
relative error: 8.881784197001244e-16
test_vorticity_2d: success.
</system-out>
		</testcase>
		<testcase name="VorticityOfDGVelocity" classname="short.test_vorticity_2d">
			<system-out>P2VorticityOfDGVelocity -0.4999999999999096
Asserting relative error is smaller than 1e-12
relative error: 1.8085533071147072e-13
Asserting relative error is smaller than 1e-12
relative error: 1.8085533071147072e-13
P1VorticityOfDGVelocity -0.5000000000001238
Asserting relative error is smaller than 1e-12
relative error: 2.475797344913486e-13
Asserting relative error is smaller than 1e-12
relative error: 2.475797344913486e-13
P1LumpedVorticityOfDGVelocity -0.5000000000000001
Asserting relative error is smaller than 1e-12
relative error: 2.2204460492503126e-16
Asserting relative error is smaller than 1e-12
relative error: 2.2204460492503126e-16
test_vorticity_2d: success.
</system-out>
		</testcase>
		<testcase name="check_use_statements" time="0.000945" classname="short.check_use_statements"/>
		<testcase name="p0fv steady state diffusion equation spatial convergence test for the circumcentred masslumping scheme" time="6.041300" classname="short.mms_tracer_p0_diff_circumcentred"/>
		<testcase name="Solvers converged" classname="short.mms_tracer_p0_diff_circumcentred">
			<system-out>mms_tracer_p0_diff_circumcentred: success.
</system-out>
		</testcase>
		<testcase name="ab_convergence_stat: L2 &gt; 0.9" classname="short.mms_tracer_p0_diff_circumcentred">
			<system-out>mms_tracer_p0_diff_circumcentred: success.
</system-out>
		</testcase>
		<testcase name="bc_convergence_stat: L2 &gt; 0.9" classname="short.mms_tracer_p0_diff_circumcentred">
			<system-out>mms_tracer_p0_diff_circumcentred: success.
</system-out>
		</testcase>
		<testcase name="cd_convergence_stat: L2 &gt; 0.9" classname="short.mms_tracer_p0_diff_circumcentred">
			<system-out>mms_tracer_p0_diff_circumcentred: success.
</system-out>
		</testcase>
		<testcase name="de_convergence_stat: L2 &gt; 0.9" classname="short.mms_tracer_p0_diff_circumcentred">
			<system-out>mms_tracer_p0_diff_circumcentred: success.
</system-out>
		</testcase>
		<testcase name="checking A finished in less than 4.0" classname="short.mms_tracer_p0_diff_circumcentred">
			<system-out>mms_tracer_p0_diff_circumcentred: success.
</system-out>
		</testcase>
		<testcase name="checking B finished in less than 4.0" classname="short.mms_tracer_p0_diff_circumcentred">
			<system-out>mms_tracer_p0_diff_circumcentred: success.
</system-out>
		</testcase>
		<testcase name="checking C finished in less than 4.0" classname="short.mms_tracer_p0_diff_circumcentred">
			<system-out>mms_tracer_p0_diff_circumcentred: success.
</system-out>
		</testcase>
		<testcase name="checking D finished in less than 4.0" classname="short.mms_tracer_p0_diff_circumcentred">
			<system-out>mms_tracer_p0_diff_circumcentred: success.
</system-out>
		</testcase>
		<testcase name="checking E finished in less than 4.0" classname="short.mms_tracer_p0_diff_circumcentred">
			<system-out>mms_tracer_p0_diff_circumcentred: success.
</system-out>
		</testcase>
		<testcase name="cv_mass_matrix_check_p1" time="2.169217" classname="short.cv_mass_matrix_check_p1"/>
		<testcase name="check that the sum of the CV mass matrix is the element volume for 1d to tolerance 1.0e-10 " classname="short.cv_mass_matrix_check_p1">
			<system-out>Difference of element volume to integral CV mass for 1d:  0.0
cv_mass_matrix_check_p1: success.
</system-out>
		</testcase>
		<testcase name="check that the sum of the FE lumped mass matrix is the element volume for 1d to tolerance 1.0e-10 " classname="short.cv_mass_matrix_check_p1">
			<system-out>Difference of element volume to integral FE lumped mass for 1d:  0.0
cv_mass_matrix_check_p1: success.
</system-out>
		</testcase>
		<testcase name="check that the max of the CV mass matrix is the element volume divided by 2 for 1d to tolerance 1.0e-10 " classname="short.cv_mass_matrix_check_p1">
			<system-out>Difference of element volume divided by 2 to max CV mass for 1d:  0.0
cv_mass_matrix_check_p1: success.
</system-out>
		</testcase>
		<testcase name="check that the max of the FE lumped mass matrix is the element volume divided by 2 for 1d to tolerance 1.0e-10 " classname="short.cv_mass_matrix_check_p1">
			<system-out>Difference of element volume divided by 2 to max FE lumped mass for 1d:  0.0
cv_mass_matrix_check_p1: success.
</system-out>
		</testcase>
		<testcase name="check that the max of the CV mass matrix is equal to the min of the CV mass matrix for 1d to tolerance 1.0e-10 " classname="short.cv_mass_matrix_check_p1">
			<system-out>Difference of max CV mass matrix to min CV mass matrix for 1d:  0.0
cv_mass_matrix_check_p1: success.
</system-out>
		</testcase>
		<testcase name="check that the max of the FE lumped mass matrix is equal to the min of the FE lumped mass matrix for 1d to tolerance 1.0e-10 " classname="short.cv_mass_matrix_check_p1">
			<system-out>Difference of max FE lumped mass matrix to min FE lumped mass matrix for 1d:  0.0
cv_mass_matrix_check_p1: success.
</system-out>
		</testcase>
		<testcase name="check that the max of the CV mass matrix is equal to the max of the FE lumped mass matrix for 1d to tolerance 1.0e-10 " classname="short.cv_mass_matrix_check_p1">
			<system-out>Difference of max CV mass matrix to max FE lumped mass matrix for 1d:  0.0
cv_mass_matrix_check_p1: success.
</system-out>
		</testcase>
		<testcase name="check that the sum of the CV mass matrix is the element volume for 2d to tolerance 1.0e-10 " classname="short.cv_mass_matrix_check_p1">
			<system-out>Difference of element volume to integral CV mass for 2d:  5.551115123125783e-17
cv_mass_matrix_check_p1: success.
</system-out>
		</testcase>
		<testcase name="check that the sum of the FE lumped mass matrix is the element volume for 2d to tolerance 1.0e-10 " classname="short.cv_mass_matrix_check_p1">
			<system-out>Difference of element volume to integral FE lumped mass for 2d:  0.0
cv_mass_matrix_check_p1: success.
</system-out>
		</testcase>
		<testcase name="check that the max of the CV mass matrix is the element volume divided by 3 for 2d to tolerance 1.0e-10 " classname="short.cv_mass_matrix_check_p1">
			<system-out>Difference of element volume divided by 3 to max CV mass for 2d:  2.7755575615628914e-17
cv_mass_matrix_check_p1: success.
</system-out>
		</testcase>
		<testcase name="check that the max of the FE lumped mass matrix is the element volume divided by 3 for 2d to tolerance 1.0e-10 " classname="short.cv_mass_matrix_check_p1">
			<system-out>Difference of element volume divided by 3 to max FE lumped mass for 2d:  0.0
cv_mass_matrix_check_p1: success.
</system-out>
		</testcase>
		<testcase name="check that the max of the CV mass matrix is equal to the min of the CV mass matrix for 2d to tolerance 1.0e-10 " classname="short.cv_mass_matrix_check_p1">
			<system-out>Difference of max CV mass matrix to min CV mass matrix for 2d:  0.0
cv_mass_matrix_check_p1: success.
</system-out>
		</testcase>
		<testcase name="check that the max of the FE lumped mass matrix is equal to the min of the FE lumped mass matrix for 2d to tolerance 1.0e-10 " classname="short.cv_mass_matrix_check_p1">
			<system-out>Difference of max FE lumped mass matrix to min FE lumped mass matrix for 2d:  0.0
cv_mass_matrix_check_p1: success.
</system-out>
		</testcase>
		<testcase name="check that the max of the CV mass matrix is equal to the max of the FE lumped mass matrix for 2d to tolerance 1.0e-10 " classname="short.cv_mass_matrix_check_p1">
			<system-out>Difference of max CV mass matrix to max FE lumped mass matrix for 2d:  2.7755575615628914e-17
cv_mass_matrix_check_p1: success.
</system-out>
		</testcase>
		<testcase name="check that the sum of the CV mass matrix is the element volume for 3d to tolerance 1.0e-10 " classname="short.cv_mass_matrix_check_p1">
			<system-out>Difference of element volume to integral CV mass for 3d:  0.0
cv_mass_matrix_check_p1: success.
</system-out>
		</testcase>
		<testcase name="check that the sum of the FE lumped mass matrix is the element volume for 3d to tolerance 1.0e-10 " classname="short.cv_mass_matrix_check_p1">
			<system-out>Difference of element volume to integral FE lumped mass for 3d:  0.0
cv_mass_matrix_check_p1: success.
</system-out>
		</testcase>
		<testcase name="check that the max of the CV mass matrix is the element volume divided by 4 for 3d to tolerance 1.0e-10 " classname="short.cv_mass_matrix_check_p1">
			<system-out>Difference of element volume divided by 4 to max CV mass for 3d:  0.0
cv_mass_matrix_check_p1: success.
</system-out>
		</testcase>
		<testcase name="check that the max of the FE lumped mass matrix is the element volume divided by 4 for 3d to tolerance 1.0e-10 " classname="short.cv_mass_matrix_check_p1">
			<system-out>Difference of element volume divided by 4 to max FE lumped mass for 3d:  0.0
cv_mass_matrix_check_p1: success.
</system-out>
		</testcase>
		<testcase name="check that the max of the CV mass matrix is equal to the min of the CV mass matrix for 3d to tolerance 1.0e-10 " classname="short.cv_mass_matrix_check_p1">
			<system-out>Difference of max CV mass matrix to min CV mass matrix for 3d:  0.0
cv_mass_matrix_check_p1: success.
</system-out>
		</testcase>
		<testcase name="check that the max of the FE lumped mass matrix is equal to the min of the FE lumped mass matrix for 3d to tolerance 1.0e-10 " classname="short.cv_mass_matrix_check_p1">
			<system-out>Difference of max FE lumped mass matrix to min FE lumped mass matrix for 3d:  0.0
cv_mass_matrix_check_p1: success.
</system-out>
		</testcase>
		<testcase name="check that the max of the CV mass matrix is equal to the max of the FE lumped mass matrix for 3d to tolerance 1.0e-10 " classname="short.cv_mass_matrix_check_p1">
			<system-out>Difference of max CV mass matrix to max FE lumped mass matrix for 3d:  0.0
cv_mass_matrix_check_p1: success.
</system-out>
		</testcase>
		<testcase name="mmat_overlapping_vfracs" time="0.684831" classname="short.mmat_overlapping_vfracs"/>
		<testcase name="Solvers converged" classname="short.mmat_overlapping_vfracs">
			<system-out>mmat_overlapping_vfracs: success.
</system-out>
		</testcase>
		<testcase name="maxdensity" classname="short.mmat_overlapping_vfracs">
			<system-out>mmat_overlapping_vfracs: success.
</system-out>
		</testcase>
		<testcase name="mindensity" classname="short.mmat_overlapping_vfracs">
			<system-out>mmat_overlapping_vfracs: success.
</system-out>
		</testcase>
		<testcase name="tracer_source_dg" time="0.659136" classname="short.tracer_absorption_dg"/>
		<testcase name="Solvers converged" classname="short.tracer_absorption_dg">
			<system-out>tracer_absorption_dg: success.
</system-out>
		</testcase>
		<testcase name="final tracer integral is 0.9**10" classname="short.tracer_absorption_dg">
			<system-out>tracer_absorption_dg: success.
</system-out>
		</testcase>
		<testcase name="Checks that velocity is divergence free with CG pressure and the continuity tested with the CV dual functions" time="43.894266" classname="short.divergence_free_velocity_press_cg_test_cty_cv"/>
		<testcase name="MaxControlVolumeDivergence_p0p1_3d lower than tolerance 1.0e-10" classname="short.divergence_free_velocity_press_cg_test_cty_cv">
			<system-out>divergence_free_velocity_press_cg_test_cty_cv: success.
</system-out>
		</testcase>
		<testcase name="MaxControlVolumeDivergence_p1dgp2_3d lower than tolerance 2.0e-9" classname="short.divergence_free_velocity_press_cg_test_cty_cv">
			<system-out>divergence_free_velocity_press_cg_test_cty_cv: success.
</system-out>
		</testcase>
		<testcase name="Standing free surface wave in channel using P1DG-P2." time="4.782310" classname="short.standing_wave-dg"/>
		<testcase name="Solvers converged" classname="short.standing_wave-dg">
			<system-out>standing_wave-dg: success.
</system-out>
		</testcase>
		<testcase name="pressure_diff_left" classname="short.standing_wave-dg">
			<system-out>standing_wave-dg: success.
</system-out>
		</testcase>
		<testcase name="pressure_diff_right" classname="short.standing_wave-dg">
			<system-out>standing_wave-dg: success.
</system-out>
		</testcase>
		<testcase name="pressure_diff_middle" classname="short.standing_wave-dg">
			<system-out>standing_wave-dg: success.
</system-out>
		</testcase>
		<testcase name="fs_left_min" classname="short.standing_wave-dg">
			<system-out>standing_wave-dg: success.
</system-out>
		</testcase>
		<testcase name="fs_left_min_time" classname="short.standing_wave-dg">
			<system-out>standing_wave-dg: success.
</system-out>
		</testcase>
		<testcase name="fs_end_value" classname="short.standing_wave-dg">
			<system-out>standing_wave-dg: success.
</system-out>
		</testcase>
		<testcase name="fs_right_max" classname="short.standing_wave-dg">
			<system-out>standing_wave-dg: success.
</system-out>
		</testcase>
		<testcase name="fs_right_max_time" classname="short.standing_wave-dg">
			<system-out>standing_wave-dg: success.
</system-out>
		</testcase>
		<testcase name="fs_end_value" classname="short.standing_wave-dg">
			<system-out>standing_wave-dg: success.
</system-out>
		</testcase>
		<testcase name="fs_integral_max_zero" classname="short.standing_wave-dg">
			<system-out>standing_wave-dg: success.
</system-out>
		</testcase>
		<testcase name="volume_integral_change_zero" classname="short.standing_wave-dg">
			<system-out>standing_wave-dg: success.
</system-out>
		</testcase>
		<testcase name="Control volume, multi-material flow test" time="1.480436" classname="short.explicit-hyperc-quads"/>
		<testcase name="Solvers converged" classname="short.explicit-hyperc-quads">
			<system-out>explicit-hyperc-quads: success.
</system-out>
		</testcase>
		<testcase name="check minimum volume fraction is 0.0" classname="short.explicit-hyperc-quads">
			<system-out>explicit-hyperc-quads: success.
</system-out>
		</testcase>
		<testcase name="check maximum volume fraction is 1.0" classname="short.explicit-hyperc-quads">
			<system-out>explicit-hyperc-quads: success.
</system-out>
		</testcase>
		<testcase name="check volume fraction in front of front is 0.0" classname="short.explicit-hyperc-quads">
			<system-out>explicit-hyperc-quads: success.
</system-out>
		</testcase>
		<testcase name="check volume fraction behind front is 1.0" classname="short.explicit-hyperc-quads">
			<system-out>explicit-hyperc-quads: success.
</system-out>
		</testcase>
		<testcase name="check initial minimum volume fraction is 0.0" classname="short.explicit-hyperc-quads">
			<system-out>explicit-hyperc-quads: success.
</system-out>
		</testcase>
		<testcase name="check initial maximum volume fraction is 1.0" classname="short.explicit-hyperc-quads">
			<system-out>explicit-hyperc-quads: success.
</system-out>
		</testcase>
		<testcase name="check maximum speed is 1.0" classname="short.explicit-hyperc-quads">
			<system-out>explicit-hyperc-quads: success.
</system-out>
		</testcase>
		<testcase name="check maximum cv cfl" classname="short.explicit-hyperc-quads">
			<system-out>explicit-hyperc-quads: success.
</system-out>
		</testcase>
		<testcase name="check minimum cv cfl" classname="short.explicit-hyperc-quads">
			<system-out>explicit-hyperc-quads: success.
</system-out>
		</testcase>
		<testcase name="check difference is zero to checkpointed run" classname="short.explicit-hyperc-quads">
			<system-out>explicit-hyperc-quads: success.
</system-out>
		</testcase>
		<testcase name="Geostrophic interpolation with geopressure preconditioning" time="4.594941" classname="short.geostrophic_interpolation_gp"/>
		<testcase name="SimulationCompleted" classname="short.geostrophic_interpolation_gp">
			<system-out>geostrophic_interpolation_gp: success.
</system-out>
		</testcase>
		<testcase name="SolversConverged" classname="short.geostrophic_interpolation_gp">
			<system-out>geostrophic_interpolation_gp: success.
</system-out>
		</testcase>
		<testcase name="DeltaU" classname="short.geostrophic_interpolation_gp">
			<system-out>0.0018515862001766163
geostrophic_interpolation_gp: success.
</system-out>
		</testcase>
		<testcase name="VelocityDivergence" classname="short.geostrophic_interpolation_gp">
			<system-out>1.8253674778046229e-06
geostrophic_interpolation_gp: success.
</system-out>
		</testcase>
		<testcase name="ImbalancedVelocity" classname="short.geostrophic_interpolation_gp">
			<system-out>82.930507039103
geostrophic_interpolation_gp: success.
</system-out>
		</testcase>
		<testcase name="rename_checkpoint" time="2.084052" classname="short.rename_checkpoint"/>
		<testcase name="Solvers converged" classname="short.rename_checkpoint">
			<system-out>rename_checkpoint: success.
</system-out>
		</testcase>
		<testcase name="Correct velocity" classname="short.rename_checkpoint">
			<system-out>rename_checkpoint: success.
</system-out>
		</testcase>
		<testcase name="Correct final time" classname="short.rename_checkpoint">
			<system-out>rename_checkpoint: success.
</system-out>
		</testcase>
		<testcase name="Correct number of timesteps" classname="short.rename_checkpoint">
			<system-out>rename_checkpoint: success.
</system-out>
		</testcase>
		<testcase name="Correct number of vtus" classname="short.rename_checkpoint">
			<system-out>rename_checkpoint: success.
</system-out>
		</testcase>
		<testcase name="sem" time="0.723291" classname="short.sem"/>
		<testcase name="Solvers converged" classname="short.sem">
			<system-out>sem: success.
</system-out>
		</testcase>
		<testcase name="Inlet Condition Test" classname="short.sem">
			<system-out>sem: success.
</system-out>
		</testcase>
		<testcase name="kovasznay" time="3.180645" classname="short.kovasznay"/>
		<testcase name="Solvers converged" classname="short.kovasznay">
			<system-out>kovasznay: success.
</system-out>
		</testcase>
		<testcase name="u error less than 0.03" classname="short.kovasznay">
			<system-out>kovasznay: success.
</system-out>
		</testcase>
		<testcase name="Detectors with adaptivity in parallel" time="4.344573" classname="short.detectors_parallel_adaptivity"/>
		<testcase name="Solvers converged" classname="short.detectors_parallel_adaptivity">
			<system-out>detectors_parallel_adaptivity: success.
</system-out>
		</testcase>
		<testcase name="Finished" classname="short.detectors_parallel_adaptivity">
			<system-out>detectors_parallel_adaptivity: success.
</system-out>
		</testcase>
		<testcase name="CorrectLagrangianTrajectory" classname="short.detectors_parallel_adaptivity">
			<system-out>detectors_parallel_adaptivity: success.
</system-out>
		</testcase>
		<testcase name="detectors_parallel_init" time="1.335918" classname="short.detectors_parallel_init"/>
		<testcase name="Solvers converged" classname="short.detectors_parallel_init">
			<system-out>detectors_parallel_init: success.
</system-out>
		</testcase>
		<testcase name="Test finished" classname="short.detectors_parallel_init">
			<system-out>detectors_parallel_init: success.
</system-out>
		</testcase>
		<testcase name="Detector output" classname="short.detectors_parallel_init">
			<system-out>detectors_parallel_init: success.
</system-out>
		</testcase>
		<testcase name="Detectors initialised correctly" classname="short.detectors_parallel_init">
			<system-out>detectors_parallel_init: success.
</system-out>
		</testcase>
		<testcase name="Coarse Corner (max. nodes limited version)" time="3.263614" classname="short.coarse-corner-limited"/>
		<testcase name="Solvers converged" classname="short.coarse-corner-limited">
			<system-out>coarse-corner-limited: success.
</system-out>
		</testcase>
		<testcase name="Simulation completed" classname="short.coarse-corner-limited">
			<system-out>Asserting relative error is smaller than 1e-06
relative error: 0.0
coarse-corner-limited: success.
</system-out>
		</testcase>
		<testcase name="Correct initial node count" classname="short.coarse-corner-limited">
			<system-out>coarse-corner-limited: success.
</system-out>
		</testcase>
		<testcase name="Correct adapted node count" classname="short.coarse-corner-limited">
			<system-out>Asserting max relative error is smaller than 0.1
max relative error: 0.009900990099009901; index: 0
coarse-corner-limited: success.
</system-out>
		</testcase>
		<testcase name="parallel_p1_consistent_interpolation" time="2.187551" classname="short.parallel_p1_consistent_interpolation"/>
		<testcase name="Solvers converged" classname="short.parallel_p1_consistent_interpolation">
			<system-out>parallel_p1_consistent_interpolation: success.
</system-out>
		</testcase>
		<testcase name="SimulationCompleted" classname="short.parallel_p1_consistent_interpolation">
			<system-out>Timesteps:  1
parallel_p1_consistent_interpolation: success.
</system-out>
		</testcase>
		<testcase name="Interpolation" classname="short.parallel_p1_consistent_interpolation">
			<system-out>Asserting max relative error is smaller than 1e-10
max relative error: 6.080082281627368e-16; index: 0
Asserting max relative error is smaller than 1e-10
max relative error: 4.448082537479136e-16; index: 128
parallel_p1_consistent_interpolation: success.
</system-out>
		</testcase>
		<testcase name="DummyAdaptivity" classname="short.parallel_p1_consistent_interpolation">
			<system-out>parallel_p1_consistent_interpolation: success.
</system-out>
		</testcase>
		<testcase name="Control volume, multi-material surface integral pressure check" time="7.743577" classname="short.mmat-impact"/>
		<testcase name="check material mass is conserved" classname="short.mmat-impact">
			<system-out>mmat-impact: success.
</system-out>
		</testcase>
		<testcase name="check checkpointing - volumefraction" classname="short.mmat-impact">
			<system-out>mmat-impact: success.
</system-out>
		</testcase>
		<testcase name="Solvers converged" classname="short.mmat-impact">
			<system-out>mmat-impact: success.
</system-out>
		</testcase>
		<testcase name="gls-ocean-param" time="2.322457" classname="short.gls-ocean-param"/>
		<testcase name="Extra parameterisation increases TKE" classname="short.gls-ocean-param">
			<system-out>gls-ocean-param: success.
</system-out>
		</testcase>
		<testcase name="total TKE increased" classname="short.gls-ocean-param">
			<system-out>gls-ocean-param: success.
</system-out>
		</testcase>
		<testcase name="MMS test of partial stress form for P1DGP2 with bassi-rebay viscosity scheme" time="9.602667" classname="short.mms_p1dgp2_stressform_rb_sp"/>
		<testcase name="velocity convergence order &gt; 1.9" classname="short.mms_p1dgp2_stressform_rb_sp">
			<system-out>mms_p1dgp2_stressform_rb_sp: success.
</system-out>
		</testcase>
		<testcase name="Control volume, periodic multi-material flow test" time="1.097547" classname="short.explicit-hyperc-tris-periodic-local"/>
		<testcase name="Solvers converged" classname="short.explicit-hyperc-tris-periodic-local">
			<system-out>explicit-hyperc-tris-periodic-local: success.
</system-out>
		</testcase>
		<testcase name="check minimum volume fraction is 0.0" classname="short.explicit-hyperc-tris-periodic-local">
			<system-out>explicit-hyperc-tris-periodic-local: success.
</system-out>
		</testcase>
		<testcase name="check maximum volume fraction is 1.0" classname="short.explicit-hyperc-tris-periodic-local">
			<system-out>explicit-hyperc-tris-periodic-local: success.
</system-out>
		</testcase>
		<testcase name="check initial minimum volume fraction is 0.0" classname="short.explicit-hyperc-tris-periodic-local">
			<system-out>explicit-hyperc-tris-periodic-local: success.
</system-out>
		</testcase>
		<testcase name="check initial maximum volume fraction is 1.0" classname="short.explicit-hyperc-tris-periodic-local">
			<system-out>explicit-hyperc-tris-periodic-local: success.
</system-out>
		</testcase>
		<testcase name="check maximum speed is 1.0" classname="short.explicit-hyperc-tris-periodic-local">
			<system-out>explicit-hyperc-tris-periodic-local: success.
</system-out>
		</testcase>
		<testcase name="check maximum cv cfl" classname="short.explicit-hyperc-tris-periodic-local">
			<system-out>explicit-hyperc-tris-periodic-local: success.
</system-out>
		</testcase>
		<testcase name="check minimum cv cfl" classname="short.explicit-hyperc-tris-periodic-local">
			<system-out>explicit-hyperc-tris-periodic-local: success.
</system-out>
		</testcase>
		<testcase name="check material was conserved" classname="short.explicit-hyperc-tris-periodic-local">
			<system-out>explicit-hyperc-tris-periodic-local: success.
</system-out>
		</testcase>
		<testcase name="Tetrahedral mixing bin test" time="0.643612" classname="short.tet_mixing_bin_test_serial"/>
		<testcase name="Solvers converged" classname="short.tet_mixing_bin_test_serial">
			<system-out>tet_mixing_bin_test_serial: success.
</system-out>
		</testcase>
		<testcase name="Phi0Integrals" classname="short.tet_mixing_bin_test_serial">
			<system-out>[0.00000000e+00 1.18279115e-01 3.37521705e-02 3.21529281e-02
 3.06229093e-02 2.91621143e-02 2.77705430e-02 2.64481954e-02
 2.51950716e-02 2.40111714e-02 2.28964949e-02 2.18510422e-02
 2.08748131e-02 1.99678078e-02 1.91300262e-02 1.83614111e-02
 1.76572003e-02 1.70030484e-02 1.63863006e-02 1.58028517e-02
 1.52532270e-02 1.47374399e-02 1.42520172e-02 1.37902288e-02
 1.33481298e-02 1.29257357e-02 1.25130604e-02 1.21007381e-02
 1.16863051e-02 1.12827779e-02 1.09226242e-02 1.06081349e-02
 1.03423866e-02 1.01173464e-02 9.91838451e-03 9.73661589e-03
 9.56175961e-03 9.38875029e-03 9.21545339e-03 8.99951022e-03
 8.81125308e-03 8.61905525e-03 8.40875412e-03 8.13726382e-03
 7.95833446e-03 7.78661785e-03 7.60996325e-03 7.43051318e-03
 7.24891486e-03 7.05757228e-03 6.86208216e-03 6.67068068e-03
 6.49009249e-03 6.31868169e-03 6.15471022e-03 5.99817835e-03
 5.85016433e-03 5.71023585e-03 5.57697549e-03 5.44797643e-03
 5.31450599e-03 5.18045138e-03 5.04795047e-03 4.91340216e-03
 4.77315062e-03 4.63118396e-03 4.48770078e-03 4.34270106e-03
 4.19618482e-03 4.04815205e-03 3.89860275e-03 3.74851706e-03
 3.60193834e-03 3.45996337e-03 3.32264330e-03 3.19009494e-03
 3.06279114e-03 2.94085347e-03 2.82428194e-03 2.71307654e-03
 2.60723728e-03 2.50012317e-03 2.34486314e-03 2.10131463e-03
 1.68472345e-03 8.48435350e-04 4.12956534e-05 0.00000000e+00
 0.00000000e+00 0.00000000e+00 0.00000000e+00 0.00000000e+00
 0.00000000e+00 0.00000000e+00 0.00000000e+00 0.00000000e+00
 0.00000000e+00 0.00000000e+00 0.00000000e+00 0.00000000e+00
 0.00000000e+00 0.00000000e+00]
Asserting relative error is smaller than 1e-12
relative error: 1.1102230246251554e-15
tet_mixing_bin_test_serial: success.
</system-out>
		</testcase>
		<testcase name="Phi1Integrals" classname="short.tet_mixing_bin_test_serial">
			<system-out>[0.  0.5 0.5 0.  0. ]
Asserting relative error is smaller than 1e-12
relative error: 1.1102230246251554e-15
Asserting relative error is smaller than 1e-12
relative error: 1.5543122344752168e-15
Asserting relative error is smaller than 1e-12
relative error: 6.661338147750935e-16
tet_mixing_bin_test_serial: success.
</system-out>
		</testcase>
		<testcase name="Control volume, multi-material flow test" time="2.360329" classname="short.3material-twoblobs-reversed"/>
		<testcase name="Solvers converged" classname="short.3material-twoblobs-reversed">
			<system-out>3material-twoblobs-reversed: success.
</system-out>
		</testcase>
		<testcase name="check minimum water volume fraction is 0.0" classname="short.3material-twoblobs-reversed">
			<system-out>3material-twoblobs-reversed: success.
</system-out>
		</testcase>
		<testcase name="check maximum water volume fraction is 1.0" classname="short.3material-twoblobs-reversed">
			<system-out>3material-twoblobs-reversed: success.
</system-out>
		</testcase>
		<testcase name="check minimum droplet volume fraction is 0.0" classname="short.3material-twoblobs-reversed">
			<system-out>3material-twoblobs-reversed: success.
</system-out>
		</testcase>
		<testcase name="check maximum droplet volume fraction is 1.0" classname="short.3material-twoblobs-reversed">
			<system-out>3material-twoblobs-reversed: success.
</system-out>
		</testcase>
		<testcase name="check minimum air volume fraction is 0.0" classname="short.3material-twoblobs-reversed">
			<system-out>3material-twoblobs-reversed: success.
</system-out>
		</testcase>
		<testcase name="check maximum air volume fraction is 1.0" classname="short.3material-twoblobs-reversed">
			<system-out>3material-twoblobs-reversed: success.
</system-out>
		</testcase>
		<testcase name="check minimum sum volume fraction is 0.0" classname="short.3material-twoblobs-reversed">
			<system-out>3material-twoblobs-reversed: success.
</system-out>
		</testcase>
		<testcase name="check maximum sum volume fraction is 1.0" classname="short.3material-twoblobs-reversed">
			<system-out>3material-twoblobs-reversed: success.
</system-out>
		</testcase>
		<testcase name="check maximum speed is 1.0" classname="short.3material-twoblobs-reversed">
			<system-out>3material-twoblobs-reversed: success.
</system-out>
		</testcase>
		<testcase name="check maximum cv cfl" classname="short.3material-twoblobs-reversed">
			<system-out>3material-twoblobs-reversed: success.
</system-out>
		</testcase>
		<testcase name="check minimum cv cfl" classname="short.3material-twoblobs-reversed">
			<system-out>3material-twoblobs-reversed: success.
</system-out>
		</testcase>
		<testcase name="Control volume, multi-material flow test" time="2.436434" classname="short.3material-twoblobs"/>
		<testcase name="Solvers converged" classname="short.3material-twoblobs">
			<system-out>3material-twoblobs: success.
</system-out>
		</testcase>
		<testcase name="check minimum water volume fraction is 0.0" classname="short.3material-twoblobs">
			<system-out>3material-twoblobs: success.
</system-out>
		</testcase>
		<testcase name="check maximum water volume fraction is 1.0" classname="short.3material-twoblobs">
			<system-out>3material-twoblobs: success.
</system-out>
		</testcase>
		<testcase name="check minimum droplet volume fraction is 0.0" classname="short.3material-twoblobs">
			<system-out>3material-twoblobs: success.
</system-out>
		</testcase>
		<testcase name="check maximum droplet volume fraction is 1.0" classname="short.3material-twoblobs">
			<system-out>3material-twoblobs: success.
</system-out>
		</testcase>
		<testcase name="check minimum air volume fraction is 0.0" classname="short.3material-twoblobs">
			<system-out>3material-twoblobs: success.
</system-out>
		</testcase>
		<testcase name="check maximum air volume fraction is 1.0" classname="short.3material-twoblobs">
			<system-out>3material-twoblobs: success.
</system-out>
		</testcase>
		<testcase name="check minimum sum volume fraction is 0.0" classname="short.3material-twoblobs">
			<system-out>3material-twoblobs: success.
</system-out>
		</testcase>
		<testcase name="check maximum sum volume fraction is 1.0" classname="short.3material-twoblobs">
			<system-out>3material-twoblobs: success.
</system-out>
		</testcase>
		<testcase name="check maximum speed is 1.0" classname="short.3material-twoblobs">
			<system-out>3material-twoblobs: success.
</system-out>
		</testcase>
		<testcase name="check maximum cv cfl" classname="short.3material-twoblobs">
			<system-out>3material-twoblobs: success.
</system-out>
		</testcase>
		<testcase name="check minimum cv cfl" classname="short.3material-twoblobs">
			<system-out>3material-twoblobs: success.
</system-out>
		</testcase>
		<testcase name="Binary detectors" time="0.640789" classname="short.binary_detectors"/>
		<testcase name="Solvers converged" classname="short.binary_detectors">
			<system-out>binary_detectors: success.
</system-out>
		</testcase>
		<testcase name="tracer at D1" classname="short.binary_detectors">
			<system-out>binary_detectors: success.
</system-out>
		</testcase>
		<testcase name="tracer at D2" classname="short.binary_detectors">
			<system-out>binary_detectors: success.
</system-out>
		</testcase>
		<testcase name="tracer at D3" classname="short.binary_detectors">
			<system-out>binary_detectors: success.
</system-out>
		</testcase>
		<testcase name="tracer at Darr_1" classname="short.binary_detectors">
			<system-out>binary_detectors: success.
</system-out>
		</testcase>
		<testcase name="tracer at Darr_2" classname="short.binary_detectors">
			<system-out>binary_detectors: success.
</system-out>
		</testcase>
		<testcase name="tracer at Darr_3" classname="short.binary_detectors">
			<system-out>binary_detectors: success.
</system-out>
		</testcase>
		<testcase name="velocity at D1" classname="short.binary_detectors">
			<system-out>binary_detectors: success.
</system-out>
		</testcase>
		<testcase name="velocity at D2" classname="short.binary_detectors">
			<system-out>binary_detectors: success.
</system-out>
		</testcase>
		<testcase name="velocity at D3" classname="short.binary_detectors">
			<system-out>binary_detectors: success.
</system-out>
		</testcase>
		<testcase name="velocity at Darr_1" classname="short.binary_detectors">
			<system-out>binary_detectors: success.
</system-out>
		</testcase>
		<testcase name="velocity at Darr_2" classname="short.binary_detectors">
			<system-out>binary_detectors: success.
</system-out>
		</testcase>
		<testcase name="velocity at Darr_3" classname="short.binary_detectors">
			<system-out>binary_detectors: success.
</system-out>
		</testcase>
		<testcase name="viscosity_2d_dg" time="0.862497" classname="short.viscosity_2d_dg"/>
		<testcase name="Solvers converged" classname="short.viscosity_2d_dg">
			<system-out>viscosity_2d_dg: success.
</system-out>
		</testcase>
		<testcase name="u integral is 1.0" classname="short.viscosity_2d_dg">
			<system-out>viscosity_2d_dg: success.
</system-out>
		</testcase>
		<testcase name="Control volume, multi-material surface integral pressure check" time="86.859941" classname="short.mmat-balancepressure"/>
		<testcase name="check maximum pressure_p0p1cv_gpp2 is 0.0" classname="short.mmat-balancepressure">
			<system-out>mmat-balancepressure: success.
</system-out>
		</testcase>
		<testcase name="check minimum pressure_p0p1cv_gpp2 0.0" classname="short.mmat-balancepressure">
			<system-out>mmat-balancepressure: success.
</system-out>
		</testcase>
		<testcase name="check minimum geopressure_p0p1cv_gpp2" classname="short.mmat-balancepressure">
			<system-out>mmat-balancepressure: success.
</system-out>
		</testcase>
		<testcase name="check maximum geopressure_p0p1cv_gpp2" classname="short.mmat-balancepressure">
			<system-out>mmat-balancepressure: success.
</system-out>
		</testcase>
		<testcase name="check maximum xspeed_p0p1cv_gpp2 is zero" classname="short.mmat-balancepressure">
			<system-out>mmat-balancepressure: success.
</system-out>
		</testcase>
		<testcase name="check maximum yspeed_p0p1cv_gpp2 is zero" classname="short.mmat-balancepressure">
			<system-out>mmat-balancepressure: success.
</system-out>
		</testcase>
		<testcase name="check maximum speed_p0p1cv_gpp2 is zero" classname="short.mmat-balancepressure">
			<system-out>mmat-balancepressure: success.
</system-out>
		</testcase>
		<testcase name="check volume fraction_p0p1cv_gpp2 conserved" classname="short.mmat-balancepressure">
			<system-out>mass loss =  1.6653345369377348e-16
mmat-balancepressure: success.
</system-out>
		</testcase>
		<testcase name="check divergence_p0p1cv_gpp2" classname="short.mmat-balancepressure">
			<system-out>mmat-balancepressure: success.
</system-out>
		</testcase>
		<testcase name="check maximum pressure_p0p1cv_gpp2_bc is 0.0" classname="short.mmat-balancepressure">
			<system-out>mmat-balancepressure: success.
</system-out>
		</testcase>
		<testcase name="check minimum pressure_p0p1cv_gpp2_bc 0.0" classname="short.mmat-balancepressure">
			<system-out>mmat-balancepressure: success.
</system-out>
		</testcase>
		<testcase name="check minimum geopressure_p0p1cv_gpp2_bc" classname="short.mmat-balancepressure">
			<system-out>mmat-balancepressure: success.
</system-out>
		</testcase>
		<testcase name="check maximum geopressure_p0p1cv_gpp2_bc" classname="short.mmat-balancepressure">
			<system-out>mmat-balancepressure: success.
</system-out>
		</testcase>
		<testcase name="check maximum xspeed_p0p1cv_gpp2_bc is zero" classname="short.mmat-balancepressure">
			<system-out>mmat-balancepressure: success.
</system-out>
		</testcase>
		<testcase name="check maximum yspeed_p0p1cv_gpp2_bc is zero" classname="short.mmat-balancepressure">
			<system-out>mmat-balancepressure: success.
</system-out>
		</testcase>
		<testcase name="check maximum speed_p0p1cv_gpp2_bc is zero" classname="short.mmat-balancepressure">
			<system-out>mmat-balancepressure: success.
</system-out>
		</testcase>
		<testcase name="check volume fraction_p0p1cv_gpp2_bc conserved" classname="short.mmat-balancepressure">
			<system-out>mass loss =  2.7755575615628914e-17
mmat-balancepressure: success.
</system-out>
		</testcase>
		<testcase name="check divergence_p0p1cv_gpp2_bc" classname="short.mmat-balancepressure">
			<system-out>mmat-balancepressure: success.
</system-out>
		</testcase>
		<testcase name="check maximum pressure_p0p1cv_hpp2dg is 0.0" classname="short.mmat-balancepressure">
			<system-out>mmat-balancepressure: success.
</system-out>
		</testcase>
		<testcase name="check minimum pressure_p0p1cv_hpp2dg 0.0" classname="short.mmat-balancepressure">
			<system-out>mmat-balancepressure: success.
</system-out>
		</testcase>
		<testcase name="check minimum geopressure_p0p1cv_hpp2dg" classname="short.mmat-balancepressure">
			<system-out>mmat-balancepressure: success.
</system-out>
		</testcase>
		<testcase name="check maximum geopressure_p0p1cv_hpp2dg" classname="short.mmat-balancepressure">
			<system-out>mmat-balancepressure: success.
</system-out>
		</testcase>
		<testcase name="check maximum xspeed_p0p1cv_hpp2dg is zero" classname="short.mmat-balancepressure">
			<system-out>mmat-balancepressure: success.
</system-out>
		</testcase>
		<testcase name="check maximum yspeed_p0p1cv_hpp2dg is zero" classname="short.mmat-balancepressure">
			<system-out>mmat-balancepressure: success.
</system-out>
		</testcase>
		<testcase name="check maximum speed_p0p1cv_hpp2dg is zero" classname="short.mmat-balancepressure">
			<system-out>mmat-balancepressure: success.
</system-out>
		</testcase>
		<testcase name="check volume fraction_p0p1cv_hpp2dg conserved" classname="short.mmat-balancepressure">
			<system-out>mass loss =  8.326672684688674e-17
mmat-balancepressure: success.
</system-out>
		</testcase>
		<testcase name="check divergence_p0p1cv_hpp2dg" classname="short.mmat-balancepressure">
			<system-out>mmat-balancepressure: success.
</system-out>
		</testcase>
		<testcase name="check maximum pressure_p0p1cv_hpp2 is 0.0" classname="short.mmat-balancepressure">
			<system-out>mmat-balancepressure: success.
</system-out>
		</testcase>
		<testcase name="check minimum pressure_p0p1cv_hpp2 0.0" classname="short.mmat-balancepressure">
			<system-out>mmat-balancepressure: success.
</system-out>
		</testcase>
		<testcase name="check minimum geopressure_p0p1cv_hpp2" classname="short.mmat-balancepressure">
			<system-out>mmat-balancepressure: success.
</system-out>
		</testcase>
		<testcase name="check maximum geopressure_p0p1cv_hpp2" classname="short.mmat-balancepressure">
			<system-out>mmat-balancepressure: success.
</system-out>
		</testcase>
		<testcase name="check maximum xspeed_p0p1cv_hpp2 is zero" classname="short.mmat-balancepressure">
			<system-out>mmat-balancepressure: success.
</system-out>
		</testcase>
		<testcase name="check maximum yspeed_p0p1cv_hpp2 is zero" classname="short.mmat-balancepressure">
			<system-out>mmat-balancepressure: success.
</system-out>
		</testcase>
		<testcase name="check maximum speed_p0p1cv_hpp2 is zero" classname="short.mmat-balancepressure">
			<system-out>mmat-balancepressure: success.
</system-out>
		</testcase>
		<testcase name="check volume fraction_p0p1cv_hpp2 conserved" classname="short.mmat-balancepressure">
			<system-out>mass loss =  1.6653345369377348e-16
mmat-balancepressure: success.
</system-out>
		</testcase>
		<testcase name="check divergence_p0p1cv_hpp2" classname="short.mmat-balancepressure">
			<system-out>mmat-balancepressure: success.
</system-out>
		</testcase>
		<testcase name="check maximum pressure_p0p1_rhop0_vfracp0 is 2457.35" classname="short.mmat-balancepressure">
			<system-out>mmat-balancepressure: success.
</system-out>
		</testcase>
		<testcase name="check minimum pressure_p0p1_rhop0_vfracp0 0.0" classname="short.mmat-balancepressure">
			<system-out>mmat-balancepressure: success.
</system-out>
		</testcase>
		<testcase name="check maximum xspeed_p0p1_rhop0_vfracp0 is low" classname="short.mmat-balancepressure">
			<system-out>mmat-balancepressure: success.
</system-out>
		</testcase>
		<testcase name="check maximum yspeed_p0p1_rhop0_vfracp0 is low" classname="short.mmat-balancepressure">
			<system-out>mmat-balancepressure: success.
</system-out>
		</testcase>
		<testcase name="check maximum speed_p0p1_rhop0_vfracp0 is low" classname="short.mmat-balancepressure">
			<system-out>mmat-balancepressure: success.
</system-out>
		</testcase>
		<testcase name="check volume fraction_p0p1_rhop0_vfracp0 almost conserved" classname="short.mmat-balancepressure">
			<system-out>mass loss =  3.588278110672194e-06
mmat-balancepressure: success.
</system-out>
		</testcase>
		<testcase name="check divergence_p0p1_rhop0_vfracp0" classname="short.mmat-balancepressure">
			<system-out>mmat-balancepressure: success.
</system-out>
		</testcase>
		<testcase name="check maximum pressure_p1dgp2_rhop1dg_vfracp1cv is 2212.595" classname="short.mmat-balancepressure">
			<system-out>mmat-balancepressure: success.
</system-out>
		</testcase>
		<testcase name="check minimum pressure_p1dgp2_rhop1dg_vfracp1cv 0.0" classname="short.mmat-balancepressure">
			<system-out>mmat-balancepressure: success.
</system-out>
		</testcase>
		<testcase name="check maximum xspeed_p1dgp2_rhop1dg_vfracp1cv is low" classname="short.mmat-balancepressure">
			<system-out>mmat-balancepressure: success.
</system-out>
		</testcase>
		<testcase name="check maximum yspeed_p1dgp2_rhop1dg_vfracp1cv is low" classname="short.mmat-balancepressure">
			<system-out>mmat-balancepressure: success.
</system-out>
		</testcase>
		<testcase name="check maximum speed_p1dgp2_rhop1dg_vfracp1cv is low" classname="short.mmat-balancepressure">
			<system-out>mmat-balancepressure: success.
</system-out>
		</testcase>
		<testcase name="check volume fraction_p1dgp2_rhop1dg_vfracp1cv almost conserved" classname="short.mmat-balancepressure">
			<system-out>mass loss =  3.219646771412954e-15
mmat-balancepressure: success.
</system-out>
		</testcase>
		<testcase name="check divergence_p1dgp2_rhop1dg_vfracp1cv" classname="short.mmat-balancepressure">
			<system-out>mmat-balancepressure: success.
</system-out>
		</testcase>
		<testcase name="check maximum pressure_p0p1cv_vbpp2 is 0.0" classname="short.mmat-balancepressure">
			<system-out>mmat-balancepressure: success.
</system-out>
		</testcase>
		<testcase name="check minimum pressure_p0p1cv_vbpp2 0.0" classname="short.mmat-balancepressure">
			<system-out>mmat-balancepressure: success.
</system-out>
		</testcase>
		<testcase name="check minimum geopressure_p0p1cv_vbpp2" classname="short.mmat-balancepressure">
			<system-out>mmat-balancepressure: success.
</system-out>
		</testcase>
		<testcase name="check maximum geopressure_p0p1cv_vbpp2" classname="short.mmat-balancepressure">
			<system-out>mmat-balancepressure: success.
</system-out>
		</testcase>
		<testcase name="check maximum xspeed_p0p1cv_vbpp2 is zero" classname="short.mmat-balancepressure">
			<system-out>mmat-balancepressure: success.
</system-out>
		</testcase>
		<testcase name="check maximum yspeed_p0p1cv_vbpp2 is zero" classname="short.mmat-balancepressure">
			<system-out>mmat-balancepressure: success.
</system-out>
		</testcase>
		<testcase name="check maximum speed_p0p1cv_vbpp2 is zero" classname="short.mmat-balancepressure">
			<system-out>mmat-balancepressure: success.
</system-out>
		</testcase>
		<testcase name="check volume fraction_p0p1cv_vbpp2 conserved" classname="short.mmat-balancepressure">
			<system-out>mass loss =  8.326672684688674e-17
mmat-balancepressure: success.
</system-out>
		</testcase>
		<testcase name="check divergence_p0p1cv_vbpp2" classname="short.mmat-balancepressure">
			<system-out>mmat-balancepressure: success.
</system-out>
		</testcase>
		<testcase name="Solvers converged" classname="short.mmat-balancepressure">
			<system-out>mmat-balancepressure: success.
</system-out>
		</testcase>
		<testcase name="fldecomp" time="0.035453" classname="short.fldecomp_1d"/>
		<testcase name="Equal sized partitions (owned nodes)" classname="short.fldecomp_1d">
			<system-out>Asserting max relative error is smaller than 0.075
max relative error: 0.034161490683229816; index: 2
fldecomp_1d: success.
</system-out>
		</testcase>
		<testcase name="Control volume, multi-material surface integral pressure check" time="0.855185" classname="short.mmat-gravity-col-p2lumpedp1"/>
		<testcase name="check maximum pressure is 10.0" classname="short.mmat-gravity-col-p2lumpedp1">
			<system-out>mmat-gravity-col-p2lumpedp1: success.
</system-out>
		</testcase>
		<testcase name="check pressure range is 10.0" classname="short.mmat-gravity-col-p2lumpedp1">
			<system-out>mmat-gravity-col-p2lumpedp1: success.
</system-out>
		</testcase>
		<testcase name="check maximum speed is zero" classname="short.mmat-gravity-col-p2lumpedp1">
			<system-out>mmat-gravity-col-p2lumpedp1: success.
</system-out>
		</testcase>
		<testcase name="Solvers converged" classname="short.mmat-gravity-col-p2lumpedp1">
			<system-out>mmat-gravity-col-p2lumpedp1: success.
</system-out>
		</testcase>
		<testcase name="column-parallel" time="2.733362" classname="short.column-parallel"/>
		<testcase name="Solvers converged" classname="short.column-parallel">
			<system-out>column-parallel: success.
</system-out>
		</testcase>
		<testcase name="assert no crash" classname="short.column-parallel">
			<system-out>column-parallel: success.
</system-out>
		</testcase>
		<testcase name="Warning present" classname="short.column-parallel">
			<system-out>column-parallel: success.
</system-out>
		</testcase>
		<testcase name="turbine_dirichlet_3d" time="3.369265" classname="short.turbine_dirichlet_3d_moving_mesh"/>
		<testcase name="Solvers converged" classname="short.turbine_dirichlet_3d_moving_mesh">
			<system-out>turbine_dirichlet_3d_moving_mesh: success.
</system-out>
		</testcase>
		<testcase name="flux_conservation" classname="short.turbine_dirichlet_3d_moving_mesh">
			<system-out>7.029438142680533e-11
turbine_dirichlet_3d_moving_mesh: success.
</system-out>
		</testcase>
		<testcase name="time" classname="short.turbine_dirichlet_3d_moving_mesh">
			<system-out>turbine_dirichlet_3d_moving_mesh: success.
</system-out>
		</testcase>
		<testcase name="Control volume, multi-material flow test" time="1.598540" classname="short.explicit-hyperc-tets"/>
		<testcase name="Solvers converged" classname="short.explicit-hyperc-tets">
			<system-out>explicit-hyperc-tets: success.
</system-out>
		</testcase>
		<testcase name="check minimum volume fraction is 0.0" classname="short.explicit-hyperc-tets">
			<system-out>explicit-hyperc-tets: success.
</system-out>
		</testcase>
		<testcase name="check maximum volume fraction is 1.0" classname="short.explicit-hyperc-tets">
			<system-out>explicit-hyperc-tets: success.
</system-out>
		</testcase>
		<testcase name="check volume fraction in front of front is 0.0 (relaxed for simplex elements)" classname="short.explicit-hyperc-tets">
			<system-out>explicit-hyperc-tets: success.
</system-out>
		</testcase>
		<testcase name="check volume fraction behind front is 1.0 (relaxed for simplex elements)" classname="short.explicit-hyperc-tets">
			<system-out>explicit-hyperc-tets: success.
</system-out>
		</testcase>
		<testcase name="check initial minimum volume fraction is 0.0" classname="short.explicit-hyperc-tets">
			<system-out>explicit-hyperc-tets: success.
</system-out>
		</testcase>
		<testcase name="check initial maximum volume fraction is 1.0" classname="short.explicit-hyperc-tets">
			<system-out>explicit-hyperc-tets: success.
</system-out>
		</testcase>
		<testcase name="check maximum speed is 1.0" classname="short.explicit-hyperc-tets">
			<system-out>explicit-hyperc-tets: success.
</system-out>
		</testcase>
		<testcase name="check maximum cv cfl" classname="short.explicit-hyperc-tets">
			<system-out>explicit-hyperc-tets: success.
</system-out>
		</testcase>
		<testcase name="check minimum cv cfl (lower bound)" classname="short.explicit-hyperc-tets">
			<system-out>explicit-hyperc-tets: success.
</system-out>
		</testcase>
		<testcase name="check minimum cv cfl (upper bound)" classname="short.explicit-hyperc-tets">
			<system-out>explicit-hyperc-tets: success.
</system-out>
		</testcase>
		<testcase name="check difference is zero to checkpointed run" classname="short.explicit-hyperc-tets">
			<system-out>explicit-hyperc-tets: success.
</system-out>
		</testcase>
		<testcase name="Test of the adaptive timestep options." time="0.695117" classname="short.adaptive-timestep-test"/>
		<testcase name="Solvers converged" classname="short.adaptive-timestep-test">
			<system-out>adaptive-timestep-test: success.
</system-out>
		</testcase>
		<testcase name="check starting timestep is 0.021 (what is allowed from 0.02 by tolerance)" classname="short.adaptive-timestep-test">
			<system-out>adaptive-timestep-test: success.
</system-out>
		</testcase>
		<testcase name="check next timestep is 0.02205 (what is allowed by tolerance)" classname="short.adaptive-timestep-test">
			<system-out>adaptive-timestep-test: success.
</system-out>
		</testcase>
		<testcase name="check final timestep is 0.03 (maximum allowed)" classname="short.adaptive-timestep-test">
			<system-out>adaptive-timestep-test: success.
</system-out>
		</testcase>
		<testcase name="check 12 timesteps have been taken" classname="short.adaptive-timestep-test">
			<system-out>adaptive-timestep-test: success.
</system-out>
		</testcase>
		<testcase name="Control volume, multi-material flow test" time="1.365429" classname="short.explicit-hyperc-hexes"/>
		<testcase name="Solvers converged" classname="short.explicit-hyperc-hexes">
			<system-out>explicit-hyperc-hexes: success.
</system-out>
		</testcase>
		<testcase name="check minimum volume fraction is 0.0" classname="short.explicit-hyperc-hexes">
			<system-out>explicit-hyperc-hexes: success.
</system-out>
		</testcase>
		<testcase name="check maximum volume fraction is 1.0" classname="short.explicit-hyperc-hexes">
			<system-out>explicit-hyperc-hexes: success.
</system-out>
		</testcase>
		<testcase name="check volume fraction in front of front is 0.0" classname="short.explicit-hyperc-hexes">
			<system-out>explicit-hyperc-hexes: success.
</system-out>
		</testcase>
		<testcase name="check volume fraction behind front is 1.0" classname="short.explicit-hyperc-hexes">
			<system-out>explicit-hyperc-hexes: success.
</system-out>
		</testcase>
		<testcase name="check initial minimum volume fraction is 0.0" classname="short.explicit-hyperc-hexes">
			<system-out>explicit-hyperc-hexes: success.
</system-out>
		</testcase>
		<testcase name="check initial maximum volume fraction is 1.0" classname="short.explicit-hyperc-hexes">
			<system-out>explicit-hyperc-hexes: success.
</system-out>
		</testcase>
		<testcase name="check maximum speed is 3.0" classname="short.explicit-hyperc-hexes">
			<system-out>explicit-hyperc-hexes: success.
</system-out>
		</testcase>
		<testcase name="check maximum cv cfl" classname="short.explicit-hyperc-hexes">
			<system-out>explicit-hyperc-hexes: success.
</system-out>
		</testcase>
		<testcase name="check minimum cv cfl" classname="short.explicit-hyperc-hexes">
			<system-out>explicit-hyperc-hexes: success.
</system-out>
		</testcase>
		<testcase name="check difference is zero to checkpointed run" classname="short.explicit-hyperc-hexes">
			<system-out>explicit-hyperc-hexes: success.
</system-out>
		</testcase>
		<testcase name="Triangle mixing bin test" time="0.606891" classname="short.tri_mixing_bin_test_serial"/>
		<testcase name="Solvers converged" classname="short.tri_mixing_bin_test_serial">
			<system-out>tri_mixing_bin_test_serial: success.
</system-out>
		</testcase>
		<testcase name="Phi0Integrals" classname="short.tri_mixing_bin_test_serial">
			<system-out>[0.         0.02353655 0.02252251 0.02150846 0.02049441 0.01948037
 0.01846632 0.01745228 0.01644549 0.01568992 0.01535309 0.01507515
 0.01479721 0.01451927 0.01424132 0.01396853 0.01373012 0.01349851
 0.01326691 0.01303531 0.0128037  0.01245701 0.01174685 0.01146236
 0.01134032 0.01122783 0.0111288  0.01104514 0.01096022 0.01087206
 0.01078384 0.01069562 0.0106074  0.01051918 0.01043326 0.01034643
 0.01025801 0.01016959 0.01008117 0.00999713 0.00991305 0.00982686
 0.00974989 0.00965574 0.00955461 0.00945207 0.00936314 0.00927853
 0.00920796 0.00910584 0.00898051 0.00887681 0.00877747 0.00867813
 0.008587   0.00851268 0.00843885 0.008367   0.00829944 0.00823006
 0.00816046 0.00809086 0.00802126 0.00795166 0.00788206 0.00781246
 0.00774286 0.00767326 0.00760366 0.00753407 0.00746447 0.00741786
 0.00739377 0.00736968 0.00734991 0.00734421 0.00732953 0.0073472
 0.00742831 0.00750248 0.00757566 0.00764397 0.00761583 0.00747717
 0.00731661 0.00715605 0.00699549 0.00683492 0.00667436 0.0065138
 0.00635324 0.00619268 0.00603212 0.00599625 0.00612926 0.0062632
 0.00782853 0.0084053  0.004671   0.00103124 0.         0.        ]
Asserting relative error is smaller than 1e-12
relative error: 4.440892098500628e-16
tri_mixing_bin_test_serial: success.
</system-out>
		</testcase>
		<testcase name="Phi1Integrals" classname="short.tri_mixing_bin_test_serial">
			<system-out>[ 0.00000000e+00  5.00000000e-01  5.00000000e-01 -1.73472348e-18
  0.00000000e+00]
Asserting relative error is smaller than 1e-12
relative error: 6.661338147750944e-16
Asserting relative error is smaller than 1e-12
relative error: 1.1102230246251577e-15
Asserting relative error is smaller than 1e-12
relative error: 2.2204460492503136e-16
tri_mixing_bin_test_serial: success.
</system-out>
		</testcase>
		<testcase name="parallel_p0_consistent_interpolation" time="2.182701" classname="short.parallel_p0_consistent_interpolation"/>
		<testcase name="Solvers converged" classname="short.parallel_p0_consistent_interpolation">
			<system-out>parallel_p0_consistent_interpolation: success.
</system-out>
		</testcase>
		<testcase name="SimulationCompleted" classname="short.parallel_p0_consistent_interpolation">
			<system-out>Timesteps:  1
parallel_p0_consistent_interpolation: success.
</system-out>
		</testcase>
		<testcase name="Interpolation" classname="short.parallel_p0_consistent_interpolation">
			<system-out>Asserting max relative error is smaller than 1e-10
max relative error: 2.307396438369539e-16; index: 44
Asserting max relative error is smaller than 1e-10
max relative error: 2.1331785954282372e-16; index: 104
parallel_p0_consistent_interpolation: success.
</system-out>
		</testcase>
		<testcase name="DummyAdaptivity" classname="short.parallel_p0_consistent_interpolation">
			<system-out>parallel_p0_consistent_interpolation: success.
</system-out>
		</testcase>
		<testcase name="Control volume equation test" time="1.920096" classname="short.heat-transfer-eqn-channel"/>
		<testcase name="Solvers converged" classname="short.heat-transfer-eqn-channel">
			<system-out>heat-transfer-eqn-channel: success.
</system-out>
		</testcase>
		<testcase name="check minimum volume fraction is 0.0" classname="short.heat-transfer-eqn-channel">
			<system-out>heat-transfer-eqn-channel: success.
</system-out>
		</testcase>
		<testcase name="check maximum volume fraction is 1.0" classname="short.heat-transfer-eqn-channel">
			<system-out>heat-transfer-eqn-channel: success.
</system-out>
		</testcase>
		<testcase name="check volume fraction in front of front is 0.0 (relaxed for simplex elements)" classname="short.heat-transfer-eqn-channel">
			<system-out>heat-transfer-eqn-channel: success.
</system-out>
		</testcase>
		<testcase name="check volume fraction behind front is 1.0 (relaxed for simplex elements)" classname="short.heat-transfer-eqn-channel">
			<system-out>heat-transfer-eqn-channel: success.
</system-out>
		</testcase>
		<testcase name="check initial minimum volume fraction is 0.0" classname="short.heat-transfer-eqn-channel">
			<system-out>heat-transfer-eqn-channel: success.
</system-out>
		</testcase>
		<testcase name="check initial maximum volume fraction is 1.0" classname="short.heat-transfer-eqn-channel">
			<system-out>heat-transfer-eqn-channel: success.
</system-out>
		</testcase>
		<testcase name="check maximum speed is 1.0" classname="short.heat-transfer-eqn-channel">
			<system-out>heat-transfer-eqn-channel: success.
</system-out>
		</testcase>
		<testcase name="check maximum cv cfl" classname="short.heat-transfer-eqn-channel">
			<system-out>heat-transfer-eqn-channel: success.
</system-out>
		</testcase>
		<testcase name="check minimum cv cfl (lower bound)" classname="short.heat-transfer-eqn-channel">
			<system-out>heat-transfer-eqn-channel: success.
</system-out>
		</testcase>
		<testcase name="check minimum cv cfl (upper bound)" classname="short.heat-transfer-eqn-channel">
			<system-out>heat-transfer-eqn-channel: success.
</system-out>
		</testcase>
		<testcase name="check difference is zero to checkpointed run" classname="short.heat-transfer-eqn-channel">
			<system-out>heat-transfer-eqn-channel: success.
</system-out>
		</testcase>
		<testcase name="add_src_directly_1d_2grp_hom_zerobc_eig_p1dg" time="20.267945" classname="short.add_src_directly_1d_2grp_hom_zerobc_eig_p1dg"/>
		<testcase name="Check Eigenvalue_A against PANTHER reference with tolerance 4.2e-03" classname="short.add_src_directly_1d_2grp_hom_zerobc_eig_p1dg">
			<system-out>Relative error compared to reference:  0.00408015680570184
add_src_directly_1d_2grp_hom_zerobc_eig_p1dg: success.
</system-out>
		</testcase>
		<testcase name="Check Eigenvalue_B against PANTHER reference with tolerance 3.9e-03" classname="short.add_src_directly_1d_2grp_hom_zerobc_eig_p1dg">
			<system-out>Relative error compared to reference:  0.0038824739004719167
add_src_directly_1d_2grp_hom_zerobc_eig_p1dg: success.
</system-out>
		</testcase>
		<testcase name="Check Eigenvalue_C against PANTHER reference with tolerance 4.0e-05" classname="short.add_src_directly_1d_2grp_hom_zerobc_eig_p1dg">
			<system-out>Relative error compared to reference:  2.9102641975642385e-05
add_src_directly_1d_2grp_hom_zerobc_eig_p1dg: success.
</system-out>
		</testcase>
		<testcase name="Check Eigenvalue_D against PANTHER reference with tolerance 2.0e-05" classname="short.add_src_directly_1d_2grp_hom_zerobc_eig_p1dg">
			<system-out>Relative error compared to reference:  1.7221967128944193e-05
add_src_directly_1d_2grp_hom_zerobc_eig_p1dg: success.
</system-out>
		</testcase>
		<testcase name="Check Eigenvalue_A against fine mesh (mesh size 0.001, number of vele 44500) cg reference with tolerance 4.2e-03" classname="short.add_src_directly_1d_2grp_hom_zerobc_eig_p1dg">
			<system-out>Relative error compared to reference:  0.004066942493009235
add_src_directly_1d_2grp_hom_zerobc_eig_p1dg: success.
</system-out>
		</testcase>
		<testcase name="Check Eigenvalue_B against fine mesh (mesh size 0.001, number of vele 44500) cg reference with tolerance 3.9e-03" classname="short.add_src_directly_1d_2grp_hom_zerobc_eig_p1dg">
			<system-out>Relative error compared to reference:  0.003869256964833558
add_src_directly_1d_2grp_hom_zerobc_eig_p1dg: success.
</system-out>
		</testcase>
		<testcase name="Check Eigenvalue_C against fine mesh (mesh size 0.001, number of vele 44500) cg reference with tolerance 2.0e-05" classname="short.add_src_directly_1d_2grp_hom_zerobc_eig_p1dg">
			<system-out>Relative error compared to reference:  1.5834578073218364e-05
add_src_directly_1d_2grp_hom_zerobc_eig_p1dg: success.
</system-out>
		</testcase>
		<testcase name="Check Eigenvalue_D against fine mesh (mesh size 0.001, number of vele 44500) cg reference with tolerance 1.0e-05" classname="short.add_src_directly_1d_2grp_hom_zerobc_eig_p1dg">
			<system-out>Relative error compared to reference:  3.953745588379417e-06
add_src_directly_1d_2grp_hom_zerobc_eig_p1dg: success.
</system-out>
		</testcase>
		<testcase name="Check Eigenvalue_C to Eigenvalue_D convergence with regard to the fine mesh cg linear solution with tolerance 1.0e-03" classname="short.add_src_directly_1d_2grp_hom_zerobc_eig_p1dg">
			<system-out>convergence_ratio 2.001786479866773
Relative error of convergence_ratio to expected 2nd order: 0.0008932399333865249
add_src_directly_1d_2grp_hom_zerobc_eig_p1dg: success.
</system-out>
		</testcase>
		<testcase name="Multimaterial adaptivity and interpolation test" time="13.897243" classname="short.mmat-interpolation-2d-parallel"/>
		<testcase name="Solvers converged" classname="short.mmat-interpolation-2d-parallel">
			<system-out>mmat-interpolation-2d-parallel: success.
</system-out>
		</testcase>
		<testcase name="check material1 was conserved" classname="short.mmat-interpolation-2d-parallel">
			<system-out>mass loss =  1.3020695632803836e-11
mmat-interpolation-2d-parallel: success.
</system-out>
		</testcase>
		<testcase name="check material2 was conserved" classname="short.mmat-interpolation-2d-parallel">
			<system-out>mass loss =  1.0377476655776263e-11
mmat-interpolation-2d-parallel: success.
</system-out>
		</testcase>
		<testcase name="check material3 was conserved" classname="short.mmat-interpolation-2d-parallel">
			<system-out>mass loss =  2.6358915050650467e-12
mmat-interpolation-2d-parallel: success.
</system-out>
		</testcase>
		<testcase name="check that reasonable tolerance is being used to test conservation" classname="short.mmat-interpolation-2d-parallel">
			<system-out>divergence tolerance =  1.0616900735634175e-09
mmat-interpolation-2d-parallel: success.
</system-out>
		</testcase>
		<testcase name="check material1 max bound was conserved" classname="short.mmat-interpolation-2d-parallel">
			<system-out>mmat-interpolation-2d-parallel: success.
</system-out>
		</testcase>
		<testcase name="check material3 max was conserved" classname="short.mmat-interpolation-2d-parallel">
			<system-out>mmat-interpolation-2d-parallel: success.
</system-out>
		</testcase>
		<testcase name="check material1 min bound was conserved" classname="short.mmat-interpolation-2d-parallel">
			<system-out>mmat-interpolation-2d-parallel: success.
</system-out>
		</testcase>
		<testcase name="check material3 min bound was conserved" classname="short.mmat-interpolation-2d-parallel">
			<system-out>mmat-interpolation-2d-parallel: success.
</system-out>
		</testcase>
		<testcase name="check initial max divergence was zero" classname="short.mmat-interpolation-2d-parallel">
			<system-out>mmat-interpolation-2d-parallel: success.
</system-out>
		</testcase>
		<testcase name="check initial min divergence was zero" classname="short.mmat-interpolation-2d-parallel">
			<system-out>mmat-interpolation-2d-parallel: success.
</system-out>
		</testcase>
		<testcase name="check final max divergence was zero" classname="short.mmat-interpolation-2d-parallel">
			<system-out>mmat-interpolation-2d-parallel: success.
</system-out>
		</testcase>
		<testcase name="check final min divergence was zero" classname="short.mmat-interpolation-2d-parallel">
			<system-out>mmat-interpolation-2d-parallel: success.
</system-out>
		</testcase>
		<testcase name="check initial max cfl was 0.1" classname="short.mmat-interpolation-2d-parallel">
			<system-out>mmat-interpolation-2d-parallel: success.
</system-out>
		</testcase>
		<testcase name="check final max cfl was 0.1" classname="short.mmat-interpolation-2d-parallel">
			<system-out>mmat-interpolation-2d-parallel: success.
</system-out>
		</testcase>
		<testcase name="check checkpointed material1 was conserved" classname="short.mmat-interpolation-2d-parallel">
			<system-out>mass loss =  1.3429035661260968e-11
mmat-interpolation-2d-parallel: success.
</system-out>
		</testcase>
		<testcase name="check checkpointed material2 was conserved" classname="short.mmat-interpolation-2d-parallel">
			<system-out>mass loss =  2.9405811119431746e-11
mmat-interpolation-2d-parallel: success.
</system-out>
		</testcase>
		<testcase name="check checkpointed material3 was conserved" classname="short.mmat-interpolation-2d-parallel">
			<system-out>mass loss =  1.5978995904220028e-11
mmat-interpolation-2d-parallel: success.
</system-out>
		</testcase>
[...]
</system-out>
		</testcase>
		<testcase name="p2p1_nodal_2d_velocity" classname="short.gauss_point_buoyancy">
			<system-out>gauss_point_buoyancy: success.
</system-out>
		</testcase>
		<testcase name="p2p1_gauss_2d_velocity" classname="short.gauss_point_buoyancy">
			<system-out>gauss_point_buoyancy: success.
</system-out>
		</testcase>
		<testcase name="p1dgp2_nodal_3d_pressure" classname="short.gauss_point_buoyancy">
			<system-out>gauss_point_buoyancy: success.
</system-out>
		</testcase>
		<testcase name="p1dgp2_gauss_3d_pressure" classname="short.gauss_point_buoyancy">
			<system-out>gauss_point_buoyancy: success.
</system-out>
		</testcase>
		<testcase name="p1dgp2_nodal_3d_velocity" classname="short.gauss_point_buoyancy">
			<system-out>gauss_point_buoyancy: success.
</system-out>
		</testcase>
		<testcase name="p1dgp2_gauss_3d_velocity" classname="short.gauss_point_buoyancy">
			<system-out>gauss_point_buoyancy: success.
</system-out>
		</testcase>
		<testcase name="p2p1_nodal_3d_pressure" classname="short.gauss_point_buoyancy">
			<system-out>gauss_point_buoyancy: success.
</system-out>
		</testcase>
		<testcase name="p2p1_gauss_3d_pressure" classname="short.gauss_point_buoyancy">
			<system-out>gauss_point_buoyancy: success.
</system-out>
		</testcase>
		<testcase name="p2p1_nodal_3d_velocity" classname="short.gauss_point_buoyancy">
			<system-out>gauss_point_buoyancy: success.
</system-out>
		</testcase>
		<testcase name="p2p1_gauss_3d_velocity" classname="short.gauss_point_buoyancy">
			<system-out>gauss_point_buoyancy: success.
</system-out>
		</testcase>
		<testcase name="Standing free surface wave in channel with rotated bcs." time="3.679203" classname="short.channel_wind_drag_rotated"/>
		<testcase name="Solvers converged" classname="short.channel_wind_drag_rotated">
			<system-out>channel_wind_drag_rotated: success.
</system-out>
		</testcase>
		<testcase name="Compare with analytical solution" classname="short.channel_wind_drag_rotated">
			<system-out>Asserting max relative error is smaller than 0.001
max relative error: 6.794415922555054e-06; index: 30
channel_wind_drag_rotated: success.
</system-out>
		</testcase>
		<testcase name="Testing of particle initialisation after simulation start in serial." time="1.185401" classname="short.particle_initialise_after_start"/>
		<testcase name="Maxattribteserror1" classname="short.particle_initialise_after_start">
			<system-out>particle_initialise_after_start: success.
</system-out>
		</testcase>
		<testcase name="Maxattribteserror2" classname="short.particle_initialise_after_start">
			<system-out>particle_initialise_after_start: success.
</system-out>
		</testcase>
		<testcase name="Maxattribteserror3" classname="short.particle_initialise_after_start">
			<system-out>particle_initialise_after_start: success.
</system-out>
		</testcase>
		<testcase name="tracer_inflow_1d_dg" time="1.435747" classname="short.tracer_inflow_1d_dg"/>
		<testcase name="Solvers converged" classname="short.tracer_inflow_1d_dg">
			<system-out>tracer_inflow_1d_dg: success.
</system-out>
		</testcase>
		<testcase name="maximum tracer integral is 10/pi" classname="short.tracer_inflow_1d_dg">
			<system-out>tracer_inflow_1d_dg: success.
</system-out>
		</testcase>
		<testcase name="final tracer integral is 0" classname="short.tracer_inflow_1d_dg">
			<system-out>tracer_inflow_1d_dg: success.
</system-out>
		</testcase>
		<testcase name="p1cv advection-diffusion equation spatial convergence test using element gradient diffusion" time="8.421947" classname="short.mms_tracer_cv_advdiff_eg_excludemass"/>
		<testcase name="Solvers converged" classname="short.mms_tracer_cv_advdiff_eg_excludemass">
			<system-out>mms_tracer_cv_advdiff_eg_excludemass: success.
</system-out>
		</testcase>
		<testcase name="ab_convergence_stat: L2 order in [1.8,2.2]" classname="short.mms_tracer_cv_advdiff_eg_excludemass">
			<system-out>mms_tracer_cv_advdiff_eg_excludemass: success.
</system-out>
		</testcase>
		<testcase name="bc_convergence_stat: L2 order in [1.8,2.2]" classname="short.mms_tracer_cv_advdiff_eg_excludemass">
			<system-out>mms_tracer_cv_advdiff_eg_excludemass: success.
</system-out>
		</testcase>
		<testcase name="cd_convergence_stat: L2 order in [1.8,2.2]" classname="short.mms_tracer_cv_advdiff_eg_excludemass">
			<system-out>mms_tracer_cv_advdiff_eg_excludemass: success.
</system-out>
		</testcase>
		<testcase name="de_convergence_stat: L2 order in [1.8,2.2]" classname="short.mms_tracer_cv_advdiff_eg_excludemass">
			<system-out>mms_tracer_cv_advdiff_eg_excludemass: success.
</system-out>
		</testcase>
		<testcase name="checking A finished in less than 1.0" classname="short.mms_tracer_cv_advdiff_eg_excludemass">
			<system-out>mms_tracer_cv_advdiff_eg_excludemass: success.
</system-out>
		</testcase>
		<testcase name="checking B finished in less than 1.0" classname="short.mms_tracer_cv_advdiff_eg_excludemass">
			<system-out>mms_tracer_cv_advdiff_eg_excludemass: success.
</system-out>
		</testcase>
		<testcase name="checking C finished in less than 1.0" classname="short.mms_tracer_cv_advdiff_eg_excludemass">
			<system-out>mms_tracer_cv_advdiff_eg_excludemass: success.
</system-out>
		</testcase>
		<testcase name="checking D finished in less than 1.0" classname="short.mms_tracer_cv_advdiff_eg_excludemass">
			<system-out>mms_tracer_cv_advdiff_eg_excludemass: success.
</system-out>
		</testcase>
		<testcase name="checking E finished in less than 1.0" classname="short.mms_tracer_cv_advdiff_eg_excludemass">
			<system-out>mms_tracer_cv_advdiff_eg_excludemass: success.
</system-out>
		</testcase>
		<testcase name="checking A performed less than 10 advection iterations per timestep" classname="short.mms_tracer_cv_advdiff_eg_excludemass">
			<system-out>mms_tracer_cv_advdiff_eg_excludemass: success.
</system-out>
		</testcase>
		<testcase name="checking B performed less than 10 advection iterations per timestep" classname="short.mms_tracer_cv_advdiff_eg_excludemass">
			<system-out>mms_tracer_cv_advdiff_eg_excludemass: success.
</system-out>
		</testcase>
		<testcase name="checking C performed less than 10 advection iterations per timestep" classname="short.mms_tracer_cv_advdiff_eg_excludemass">
			<system-out>mms_tracer_cv_advdiff_eg_excludemass: success.
</system-out>
		</testcase>
		<testcase name="checking D performed less than 10 advection iterations per timestep" classname="short.mms_tracer_cv_advdiff_eg_excludemass">
			<system-out>mms_tracer_cv_advdiff_eg_excludemass: success.
</system-out>
		</testcase>
		<testcase name="checking E performed less than 10 advection iterations per timestep" classname="short.mms_tracer_cv_advdiff_eg_excludemass">
			<system-out>mms_tracer_cv_advdiff_eg_excludemass: success.
</system-out>
		</testcase>
		<testcase name="fldecomp" time="0.861922" classname="short.fldecomp_2d"/>
		<testcase name="Equal sized partitions (owned nodes)" classname="short.fldecomp_2d">
			<system-out>Asserting max relative error is smaller than 0.075
max relative error: 0.03468208092485549; index: 1
fldecomp_2d: success.
</system-out>
		</testcase>
		<testcase name="Advected top hat (DG with vertex based slope limiter)" time="1.535213" classname="short.top_hat_dg_limiter"/>
		<testcase name="Simulation completed" classname="short.top_hat_dg_limiter">
			<system-out>Asserting relative error is smaller than 1e-06
relative error: 0.0
top_hat_dg_limiter: success.
</system-out>
		</testcase>
		<testcase name="Solvers converged" classname="short.top_hat_dg_limiter">
			<system-out>top_hat_dg_limiter: success.
</system-out>
		</testcase>
		<testcase name="Bounded" classname="short.top_hat_dg_limiter">
			<system-out>Min T =  -6.938893903907228e-18
Max T =  1.0
top_hat_dg_limiter: success.
</system-out>
		</testcase>
		<testcase name="Conservative" classname="short.top_hat_dg_limiter">
			<system-out>Asserting max relative error is smaller than 1e-10
max relative error: 4.440892098500624e-16; index: 79
top_hat_dg_limiter: success.
</system-out>
		</testcase>
		<testcase name="Advected velocity" classname="short.top_hat_dg_limiter">
			<system-out>Initial mean x =  0.125
Final mean x =  0.37499999982561144
Mean velocity =  0.0031645569598178665
Asserting relative error is smaller than 0.02
relative error: 0.012499999311165176
top_hat_dg_limiter: success.
</system-out>
		</testcase>
		<testcase name="Standard deviation" classname="short.top_hat_dg_limiter">
			<system-out>Initial mean x =  0.125
Final mean x =  0.37499999982561144
Initial standard deviation =  0.07288689868556628
Final standard deviation =  0.07402888986968564
Asserting relative error is smaller than 0.03
relative error: 0.015667989785735182
top_hat_dg_limiter: success.
</system-out>
		</testcase>
		<testcase name="cv_mass_matrix_check_p2" time="2.099623" classname="short.cv_mass_matrix_check_p2"/>
		<testcase name="check that the sum of the CV mass matrix is the element volume for 1d to tolerance 1.0e-10 " classname="short.cv_mass_matrix_check_p2">
			<system-out>Difference of element volume to integral CV mass for 1d:  0.0
cv_mass_matrix_check_p2: success.
</system-out>
		</testcase>
		<testcase name="check that the sum of the FE lumped mass matrix is the element volume for 1d to tolerance 1.0e-10 " classname="short.cv_mass_matrix_check_p2">
			<system-out>Difference of element volume to integral FE lumped mass for 1d:  2.220446049250313e-16
cv_mass_matrix_check_p2: success.
</system-out>
		</testcase>
		<testcase name="check that the max of the CV mass matrix is the element volume divided by 2 for 1d to tolerance 1.0e-10 " classname="short.cv_mass_matrix_check_p2">
			<system-out>Difference of element volume divided by 2 to max CV mass for 1d:  0.0
cv_mass_matrix_check_p2: success.
</system-out>
		</testcase>
		<testcase name="check that the max of the CV mass matrix is equal to the min of the CV mass matrix times 2 for 1d to tolerance 1.0e-10 " classname="short.cv_mass_matrix_check_p2">
			<system-out>Difference of max CV mass matrix to min CV mass matrix times 2 for 1d:  0.0
cv_mass_matrix_check_p2: success.
</system-out>
		</testcase>
		<testcase name="check that the sum of the CV mass matrix is the element volume for 2d to tolerance 1.0e-10 " classname="short.cv_mass_matrix_check_p2">
			<system-out>Difference of element volume to integral CV mass for 2d:  0.0
cv_mass_matrix_check_p2: success.
</system-out>
		</testcase>
		<testcase name="check that the sum of the FE lumped mass matrix is the element volume for 2d to tolerance 1.0e-10 " classname="short.cv_mass_matrix_check_p2">
			<system-out>Difference of element volume to integral FE lumped mass for 2d:  1.1102230246251565e-16
cv_mass_matrix_check_p2: success.
</system-out>
		</testcase>
		<testcase name="check that the max of the CV mass matrix is the element volume divided by 4 for 2d to tolerance 1.0e-10 " classname="short.cv_mass_matrix_check_p2">
			<system-out>Difference of element volume divided by 4 to max CV mass for 2d:  0.0
cv_mass_matrix_check_p2: success.
</system-out>
		</testcase>
		<testcase name="check that the max of the CV mass matrix is equal to the min of the CV mass matrix times 3 for 2d to tolerance 1.0e-10 " classname="short.cv_mass_matrix_check_p2">
			<system-out>Difference of max CV mass matrix to min CV mass matrix times 3 for 2d:  0.0
cv_mass_matrix_check_p2: success.
</system-out>
		</testcase>
		<testcase name="check that the sum of the CV mass matrix is the element volume for 3d to tolerance 1.0e-10 " classname="short.cv_mass_matrix_check_p2">
			<system-out>Difference of element volume to integral CV mass for 3d:  0.0
cv_mass_matrix_check_p2: success.
</system-out>
		</testcase>
		<testcase name="check that the sum of the FE lumped mass matrix is the element volume for 3d to tolerance 1.0e-10 " classname="short.cv_mass_matrix_check_p2">
			<system-out>Difference of element volume to integral FE lumped mass for 3d:  0.0
cv_mass_matrix_check_p2: success.
</system-out>
		</testcase>
		<testcase name="check that the max of the CV mass matrix is the element volume times by 7/48 for 3d to tolerance 1.0e-10 " classname="short.cv_mass_matrix_check_p2">
			<system-out>Difference of element volume  times by 7/48 to max CV mass for 3d:  0.0
cv_mass_matrix_check_p2: success.
</system-out>
		</testcase>
		<testcase name="check that the max of the CV mass matrix is equal to the min of the CV mass matrix times 7/1.5 for 3d to tolerance 1.0e-10 " classname="short.cv_mass_matrix_check_p2">
			<system-out>Difference of max CV mass matrix to min CV mass matrix times 7/1.5 for 3d:  0.0
cv_mass_matrix_check_p2: success.
</system-out>
		</testcase>
		<testcase name="forcing" time="3.950097" classname="short.forcing"/>
		<testcase name="Solvers converged" classname="short.forcing">
			<system-out>forcing: success.
</system-out>
		</testcase>
		<testcase name="Coare: Final time is 1440 seconds" classname="short.forcing">
			<system-out>forcing: success.
</system-out>
		</testcase>
		<testcase name="Coare: Final temperature integral has decreased" classname="short.forcing">
			<system-out>forcing: success.
</system-out>
		</testcase>
		<testcase name="Coare: Final velocity%magnitude max has increased" classname="short.forcing">
			<system-out>forcing: success.
</system-out>
		</testcase>
		<testcase name="Coare: Final Salinity min less than 35" classname="short.forcing">
			<system-out>forcing: success.
</system-out>
		</testcase>
		<testcase name="Ncar: Final time is 1440 seconds" classname="short.forcing">
			<system-out>forcing: success.
</system-out>
		</testcase>
		<testcase name="Ncar: Final temperature integral has decreased" classname="short.forcing">
			<system-out>forcing: success.
</system-out>
		</testcase>
		<testcase name="Ncar: Final velocity%magnitude max has increased" classname="short.forcing">
			<system-out>forcing: success.
</system-out>
		</testcase>
		<testcase name="Ncar: Final Salinity min less than 35" classname="short.forcing">
			<system-out>forcing: success.
</system-out>
		</testcase>
		<testcase name="Kara: Final time is 1440 seconds" classname="short.forcing">
			<system-out>forcing: success.
</system-out>
		</testcase>
		<testcase name="Kara: Final temperature integral has decreased" classname="short.forcing">
			<system-out>forcing: success.
</system-out>
		</testcase>
		<testcase name="Kara: Final velocity%magnitude max has increased" classname="short.forcing">
			<system-out>forcing: success.
</system-out>
		</testcase>
		<testcase name="Kara: Final Salinity min less than 35" classname="short.forcing">
			<system-out>forcing: success.
</system-out>
		</testcase>
		<testcase name="P1dg_p2: Final time is 1440 seconds" classname="short.forcing">
			<system-out>forcing: success.
</system-out>
		</testcase>
		<testcase name="P1dg_p2: Final temperature integral has decreased" classname="short.forcing">
			<system-out>forcing: success.
</system-out>
		</testcase>
		<testcase name="P1dg_p2: Final Salinity min less than 35" classname="short.forcing">
			<system-out>forcing: success.
</system-out>
		</testcase>
		<testcase name="Square convection (Adaptive CG-test version)" time="47.631520" classname="short.square-convection-parallel-trivial"/>
		<testcase name="Solvers converged" classname="short.square-convection-parallel-trivial">
			<system-out>square-convection-parallel-trivial: success.
</system-out>
		</testcase>
		<testcase name="Simulation completed" classname="short.square-convection-parallel-trivial">
			<system-out>Asserting relative error is smaller than 1e-06
relative error: 6.661338147750935e-16
square-convection-parallel-trivial: success.
</system-out>
		</testcase>
		<testcase name="1D mixing bin test" time="0.593369" classname="short.line_mixing_bin_test_serial"/>
		<testcase name="Solvers converged" classname="short.line_mixing_bin_test_serial">
			<system-out>line_mixing_bin_test_serial: success.
</system-out>
		</testcase>
		<testcase name="Phi0Integrals" classname="short.line_mixing_bin_test_serial">
			<system-out>[0.         0.00630578 0.00630578 0.00630578 0.00630578 0.00630578
 0.00632095 0.0063215  0.0063215  0.0063215  0.0063215  0.00635134
 0.00635312 0.00635312 0.00635312 0.00635312 0.00639851 0.00640107
 0.00640107 0.00640107 0.00640107 0.00646511 0.00646593 0.00646593
 0.00646593 0.00647234 0.00654858 0.00654858 0.00654858 0.00654858
 0.0065719  0.00665011 0.00665011 0.00665011 0.00665011 0.00670566
 0.00677194 0.00677194 0.00677194 0.00677194 0.00688246 0.00691583
 0.00691583 0.00691583 0.00694571 0.00708396 0.00708396 0.00708396
 0.00708396 0.00721979 0.00727902 0.00727902 0.00727902 0.00735451
 0.00750432 0.00750432 0.00750432 0.00753149 0.00776392 0.00776392
 0.00776392 0.00776863 0.00806289 0.00806289 0.00806289 0.00808993
 0.00840754 0.00840754 0.00840754 0.00852805 0.00880585 0.00880585
 0.00880585 0.00912815 0.00926797 0.00926797 0.00941464 0.009807
 0.009807   0.00982918 0.01044017 0.01044017 0.01044017 0.01118617
 0.01119048 0.01133194 0.01208936 0.01208936 0.01266944 0.0131809
 0.01334663 0.01452882 0.01452882 0.01612322 0.01622877 0.01839094
 0.01919761 0.02138663 0.02461042 0.02888262 0.12592317 0.        ]
Asserting relative error is smaller than 1e-12
relative error: 0.0
line_mixing_bin_test_serial: success.
</system-out>
		</testcase>
		<testcase name="Phi1Integrals" classname="short.line_mixing_bin_test_serial">
			<system-out>[0.  0.5 0.5 0.  0. ]
Asserting relative error is smaller than 1e-12
relative error: 0.0
Asserting relative error is smaller than 1e-12
relative error: 0.0
Asserting relative error is smaller than 1e-12
relative error: 0.0
line_mixing_bin_test_serial: success.
</system-out>
		</testcase>
		<testcase name="heat_2d_dg" time="0.871595" classname="short.viscosity_2d_p0_serial"/>
		<testcase name="Solvers converged" classname="short.viscosity_2d_p0_serial">
			<system-out>viscosity_2d_p0_serial: success.
</system-out>
		</testcase>
		<testcase name="tracer1 integral is 1.0" classname="short.viscosity_2d_p0_serial">
			<system-out>viscosity_2d_p0_serial: success.
</system-out>
		</testcase>
		<testcase name="tracer2 integral is 1.0" classname="short.viscosity_2d_p0_serial">
			<system-out>viscosity_2d_p0_serial: success.
</system-out>
		</testcase>
		<testcase name="initial tracer1 integral is 1.0" classname="short.viscosity_2d_p0_serial">
			<system-out>viscosity_2d_p0_serial: success.
</system-out>
		</testcase>
		<testcase name="initial tracer2 integral is 1.0" classname="short.viscosity_2d_p0_serial">
			<system-out>viscosity_2d_p0_serial: success.
</system-out>
		</testcase>
		<testcase name="tracer1 error is initially less than 0.01" classname="short.viscosity_2d_p0_serial">
			<system-out>viscosity_2d_p0_serial: success.
</system-out>
		</testcase>
		<testcase name="tracer1 error less than 0.01" classname="short.viscosity_2d_p0_serial">
			<system-out>viscosity_2d_p0_serial: success.
</system-out>
		</testcase>
		<testcase name="tracer2 error is initially less than 0.01" classname="short.viscosity_2d_p0_serial">
			<system-out>viscosity_2d_p0_serial: success.
</system-out>
		</testcase>
		<testcase name="tracer2 error less than 0.01" classname="short.viscosity_2d_p0_serial">
			<system-out>viscosity_2d_p0_serial: success.
</system-out>
		</testcase>
		<testcase name="Stokes-Poiseuille" time="1.541320" classname="short.Stokes_Poiseuille"/>
		<testcase name="Have the solvers converged ?" classname="short.Stokes_Poiseuille">
			<system-out>Stokes_Poiseuille: success.
</system-out>
		</testcase>
		<testcase name="Is the horizontal velocity component close enough to the analytical one ?" classname="short.Stokes_Poiseuille">
			<system-out>Stokes_Poiseuille: success.
</system-out>
		</testcase>
		<testcase name="Is the vertical velocity component close enough to the analytical one ?" classname="short.Stokes_Poiseuille">
			<system-out>Stokes_Poiseuille: success.
</system-out>
		</testcase>
	</testsuite>
</testsuites>
